
SdRamMain.o:     file format elf32-littlearm


Disassembly of section .text.get_ticks:

00000000 <get_ticks>:
   0:	4b07      	ldr	r3, [pc, #28]	; (20 <get_ticks+0x20>)
   2:	6858      	ldr	r0, [r3, #4]
   4:	f3bf 8f5f 	dmb	sy
   8:	4906      	ldr	r1, [pc, #24]	; (24 <get_ticks+0x24>)
   a:	680b      	ldr	r3, [r1, #0]
   c:	6008      	str	r0, [r1, #0]
   e:	4283      	cmp	r3, r0
  10:	4b05      	ldr	r3, [pc, #20]	; (28 <get_ticks+0x28>)
  12:	bf3e      	ittt	cc
  14:	681a      	ldrcc	r2, [r3, #0]
  16:	f102 32ff 	addcc.w	r2, r2, #4294967295
  1a:	601a      	strcc	r2, [r3, #0]
  1c:	6819      	ldr	r1, [r3, #0]
  1e:	4770      	bx	lr
  20:	ffd00000 	.word	0xffd00000
	...

Disassembly of section .text.putc:

00000000 <putc>:
   0:	4b02      	ldr	r3, [pc, #8]	; (c <putc+0xc>)
   2:	695a      	ldr	r2, [r3, #20]
   4:	0692      	lsls	r2, r2, #26
   6:	d5fc      	bpl.n	2 <putc+0x2>
   8:	6018      	str	r0, [r3, #0]
   a:	4770      	bx	lr
   c:	ffc02000 	.word	0xffc02000

Disassembly of section .text.PutNible:

00000000 <PutNible>:
   0:	4603      	mov	r3, r0
   2:	3030      	adds	r0, #48	; 0x30
   4:	b2c0      	uxtb	r0, r0
   6:	2839      	cmp	r0, #57	; 0x39
   8:	bf84      	itt	hi
   a:	3337      	addhi	r3, #55	; 0x37
   c:	b2d8      	uxtbhi	r0, r3
   e:	f7ff bffe 	b.w	0 <PutNible>

Disassembly of section .text.PutByte:

00000000 <PutByte>:
   0:	b508      	push	{r3, lr}
   2:	4601      	mov	r1, r0
   4:	0900      	lsrs	r0, r0, #4
   6:	f7ff fffe 	bl	0 <PutByte>
   a:	f001 000f 	and.w	r0, r1, #15
   e:	e8bd 4008 	ldmia.w	sp!, {r3, lr}
  12:	f7ff bffe 	b.w	0 <PutByte>

Disassembly of section .text.putHexa32:

00000000 <putHexa32>:
   0:	b510      	push	{r4, lr}
   2:	4604      	mov	r4, r0
   4:	2030      	movs	r0, #48	; 0x30
   6:	f7ff fffe 	bl	0 <putHexa32>
   a:	2078      	movs	r0, #120	; 0x78
   c:	f7ff fffe 	bl	0 <putHexa32>
  10:	0e20      	lsrs	r0, r4, #24
  12:	f7ff fffe 	bl	0 <putHexa32>
  16:	f3c4 4007 	ubfx	r0, r4, #16, #8
  1a:	f7ff fffe 	bl	0 <putHexa32>
  1e:	f3c4 2007 	ubfx	r0, r4, #8, #8
  22:	f7ff fffe 	bl	0 <putHexa32>
  26:	b2e0      	uxtb	r0, r4
  28:	e8bd 4010 	ldmia.w	sp!, {r4, lr}
  2c:	f7ff bffe 	b.w	0 <putHexa32>

Disassembly of section .text.putHexa64:

00000000 <putHexa64>:
   0:	b538      	push	{r3, r4, r5, lr}
   2:	4604      	mov	r4, r0
   4:	2030      	movs	r0, #48	; 0x30
   6:	460d      	mov	r5, r1
   8:	f7ff fffe 	bl	0 <putHexa64>
   c:	2078      	movs	r0, #120	; 0x78
   e:	f7ff fffe 	bl	0 <putHexa64>
  12:	0e08      	lsrs	r0, r1, #24
  14:	f7ff fffe 	bl	0 <putHexa64>
  18:	f3c5 4007 	ubfx	r0, r5, #16, #8
  1c:	f7ff fffe 	bl	0 <putHexa64>
  20:	f3c5 2007 	ubfx	r0, r5, #8, #8
  24:	f7ff fffe 	bl	0 <putHexa64>
  28:	b2e8      	uxtb	r0, r5
  2a:	f7ff fffe 	bl	0 <putHexa64>
  2e:	0e20      	lsrs	r0, r4, #24
  30:	f7ff fffe 	bl	0 <putHexa64>
  34:	f3c4 4007 	ubfx	r0, r4, #16, #8
  38:	f7ff fffe 	bl	0 <putHexa64>
  3c:	f3c4 2007 	ubfx	r0, r4, #8, #8
  40:	f7ff fffe 	bl	0 <putHexa64>
  44:	b2e0      	uxtb	r0, r4
  46:	e8bd 4038 	ldmia.w	sp!, {r3, r4, r5, lr}
  4a:	f7ff bffe 	b.w	0 <putHexa64>

Disassembly of section .text.puts:

00000000 <puts>:
   0:	1e41      	subs	r1, r0, #1
   2:	b508      	push	{r3, lr}
   4:	f811 0f01 	ldrb.w	r0, [r1, #1]!
   8:	b900      	cbnz	r0, c <puts+0xc>
   a:	bd08      	pop	{r3, pc}
   c:	f7ff fffe 	bl	0 <puts>
  10:	e7f8      	b.n	4 <puts+0x4>

Disassembly of section .text.HexDump:

00000000 <HexDump>:
   0:	e92d 4df3 	stmdb	sp!, {r0, r1, r4, r5, r6, r7, r8, sl, fp, lr}
   4:	4607      	mov	r7, r0
   6:	f8df 808c 	ldr.w	r8, [pc, #140]	; 94 <HexDump+0x94>
   a:	f8df a08c 	ldr.w	sl, [pc, #140]	; 98 <HexDump+0x98>
   e:	460e      	mov	r6, r1
  10:	f04f 0b00 	mov.w	fp, #0
  14:	45b3      	cmp	fp, r6
  16:	d302      	bcc.n	1e <HexDump+0x1e>
  18:	b002      	add	sp, #8
  1a:	e8bd 8df0 	ldmia.w	sp!, {r4, r5, r6, r7, r8, sl, fp, pc}
  1e:	eb07 000b 	add.w	r0, r7, fp
  22:	4d1e      	ldr	r5, [pc, #120]	; (9c <HexDump+0x9c>)
  24:	f7ff fffe 	bl	0 <HexDump>
  28:	4640      	mov	r0, r8
  2a:	f7ff fffe 	bl	0 <HexDump>
  2e:	2200      	movs	r2, #0
  30:	4629      	mov	r1, r5
  32:	4610      	mov	r0, r2
  34:	3201      	adds	r2, #1
  36:	f801 0b01 	strb.w	r0, [r1], #1
  3a:	2a14      	cmp	r2, #20
  3c:	d1fa      	bne.n	34 <HexDump+0x34>
  3e:	465c      	mov	r4, fp
  40:	42b4      	cmp	r4, r6
  42:	d81f      	bhi.n	84 <HexDump+0x84>
  44:	5d3a      	ldrb	r2, [r7, r4]
  46:	9201      	str	r2, [sp, #4]
  48:	4610      	mov	r0, r2
  4a:	f7ff fffe 	bl	0 <HexDump>
  4e:	2020      	movs	r0, #32
  50:	f7ff fffe 	bl	0 <HexDump>
  54:	9a01      	ldr	r2, [sp, #4]
  56:	f1a2 0120 	sub.w	r1, r2, #32
  5a:	295a      	cmp	r1, #90	; 0x5a
  5c:	bf88      	it	hi
  5e:	222e      	movhi	r2, #46	; 0x2e
  60:	702a      	strb	r2, [r5, #0]
  62:	3401      	adds	r4, #1
  64:	f10b 0210 	add.w	r2, fp, #16
  68:	3501      	adds	r5, #1
  6a:	4294      	cmp	r4, r2
  6c:	d1e8      	bne.n	40 <HexDump+0x40>
  6e:	480c      	ldr	r0, [pc, #48]	; (a0 <HexDump+0xa0>)
  70:	46a3      	mov	fp, r4
  72:	f7ff fffe 	bl	0 <HexDump>
  76:	4809      	ldr	r0, [pc, #36]	; (9c <HexDump+0x9c>)
  78:	f7ff fffe 	bl	0 <HexDump>
  7c:	4809      	ldr	r0, [pc, #36]	; (a4 <HexDump+0xa4>)
  7e:	f7ff fffe 	bl	0 <HexDump>
  82:	e7c7      	b.n	14 <HexDump+0x14>
  84:	4650      	mov	r0, sl
  86:	f7ff fffe 	bl	0 <HexDump>
  8a:	f04f 0320 	mov.w	r3, #32
  8e:	702b      	strb	r3, [r5, #0]
  90:	e7e7      	b.n	62 <HexDump+0x62>
  92:	bf00      	nop
  94:	00000000 	.word	0x00000000
  98:	00000004 	.word	0x00000004
  9c:	00000000 	.word	0x00000000
  a0:	00000008 	.word	0x00000008
  a4:	0000000b 	.word	0x0000000b

Disassembly of section .text.SdRamMain:

00000000 <SdRamMain>:
   0:	e92d 45f8 	stmdb	sp!, {r3, r4, r5, r6, r7, r8, sl, lr}
   4:	f3bf 8f5f 	dmb	sy
   8:	4a46      	ldr	r2, [pc, #280]	; (124 <SdRamMain+0x124>)
   a:	f04f 33ff 	mov.w	r3, #4294967295
   e:	6013      	str	r3, [r2, #0]
  10:	f3bf 8f5f 	dmb	sy
  14:	6053      	str	r3, [r2, #4]
  16:	6891      	ldr	r1, [r2, #8]
  18:	f3bf 8f5f 	dmb	sy
  1c:	f041 0103 	orr.w	r1, r1, #3
  20:	f3bf 8f5f 	dmb	sy
  24:	6091      	str	r1, [r2, #8]
  26:	2500      	movs	r5, #0
  28:	4a3f      	ldr	r2, [pc, #252]	; (128 <SdRamMain+0x128>)
  2a:	4840      	ldr	r0, [pc, #256]	; (12c <SdRamMain+0x12c>)
  2c:	4f40      	ldr	r7, [pc, #256]	; (130 <SdRamMain+0x130>)
  2e:	4e41      	ldr	r6, [pc, #260]	; (134 <SdRamMain+0x134>)
  30:	6013      	str	r3, [r2, #0]
  32:	4a41      	ldr	r2, [pc, #260]	; (138 <SdRamMain+0x138>)
  34:	6013      	str	r3, [r2, #0]
  36:	f7ff fffe 	bl	0 <SdRamMain>
  3a:	4840      	ldr	r0, [pc, #256]	; (13c <SdRamMain+0x13c>)
  3c:	f7ff fffe 	bl	0 <SdRamMain>
  40:	483f      	ldr	r0, [pc, #252]	; (140 <SdRamMain+0x140>)
  42:	f7ff fffe 	bl	0 <SdRamMain>
  46:	483f      	ldr	r0, [pc, #252]	; (144 <SdRamMain+0x144>)
  48:	f7ff fffe 	bl	0 <SdRamMain>
  4c:	483e      	ldr	r0, [pc, #248]	; (148 <SdRamMain+0x148>)
  4e:	f7ff fffe 	bl	0 <SdRamMain>
  52:	483e      	ldr	r0, [pc, #248]	; (14c <SdRamMain+0x14c>)
  54:	f7ff fffe 	bl	0 <SdRamMain>
  58:	483d      	ldr	r0, [pc, #244]	; (150 <SdRamMain+0x150>)
  5a:	f7ff fffe 	bl	0 <SdRamMain>
  5e:	483d      	ldr	r0, [pc, #244]	; (154 <SdRamMain+0x154>)
  60:	f7ff fffe 	bl	0 <SdRamMain>
  64:	483c      	ldr	r0, [pc, #240]	; (158 <SdRamMain+0x158>)
  66:	f7ff fffe 	bl	0 <SdRamMain>
  6a:	483c      	ldr	r0, [pc, #240]	; (15c <SdRamMain+0x15c>)
  6c:	f7ff fffe 	bl	0 <SdRamMain>
  70:	483b      	ldr	r0, [pc, #236]	; (160 <SdRamMain+0x160>)
  72:	f7ff fffe 	bl	0 <SdRamMain>
  76:	483b      	ldr	r0, [pc, #236]	; (164 <SdRamMain+0x164>)
  78:	f7ff fffe 	bl	0 <SdRamMain>
  7c:	483a      	ldr	r0, [pc, #232]	; (168 <SdRamMain+0x168>)
  7e:	f7ff fffe 	bl	0 <SdRamMain>
  82:	483a      	ldr	r0, [pc, #232]	; (16c <SdRamMain+0x16c>)
  84:	f7ff fffe 	bl	0 <SdRamMain>
  88:	4839      	ldr	r0, [pc, #228]	; (170 <SdRamMain+0x170>)
  8a:	f7ff fffe 	bl	0 <SdRamMain>
  8e:	4839      	ldr	r0, [pc, #228]	; (174 <SdRamMain+0x174>)
  90:	f7ff fffe 	bl	0 <SdRamMain>
  94:	4838      	ldr	r0, [pc, #224]	; (178 <SdRamMain+0x178>)
  96:	f7ff fffe 	bl	0 <SdRamMain>
  9a:	4838      	ldr	r0, [pc, #224]	; (17c <SdRamMain+0x17c>)
  9c:	f7ff fffe 	bl	0 <SdRamMain>
  a0:	4837      	ldr	r0, [pc, #220]	; (180 <SdRamMain+0x180>)
  a2:	f7ff fffe 	bl	0 <SdRamMain>
  a6:	4837      	ldr	r0, [pc, #220]	; (184 <SdRamMain+0x184>)
  a8:	f7ff fffe 	bl	0 <SdRamMain>
  ac:	4836      	ldr	r0, [pc, #216]	; (188 <SdRamMain+0x188>)
  ae:	f7ff fffe 	bl	0 <SdRamMain>
  b2:	4836      	ldr	r0, [pc, #216]	; (18c <SdRamMain+0x18c>)
  b4:	f7ff fffe 	bl	0 <SdRamMain>
  b8:	4835      	ldr	r0, [pc, #212]	; (190 <SdRamMain+0x190>)
  ba:	f7ff fffe 	bl	0 <SdRamMain>
  be:	4835      	ldr	r0, [pc, #212]	; (194 <SdRamMain+0x194>)
  c0:	f7ff fffe 	bl	0 <SdRamMain>
  c4:	4834      	ldr	r0, [pc, #208]	; (198 <SdRamMain+0x198>)
  c6:	f7ff fffe 	bl	0 <SdRamMain>
  ca:	4834      	ldr	r0, [pc, #208]	; (19c <SdRamMain+0x19c>)
  cc:	f7ff fffe 	bl	0 <SdRamMain>
  d0:	4833      	ldr	r0, [pc, #204]	; (1a0 <SdRamMain+0x1a0>)
  d2:	f7ff fffe 	bl	0 <SdRamMain>
  d6:	4833      	ldr	r0, [pc, #204]	; (1a4 <SdRamMain+0x1a4>)
  d8:	f7ff fffe 	bl	0 <SdRamMain>
  dc:	4819      	ldr	r0, [pc, #100]	; (144 <SdRamMain+0x144>)
  de:	f7ff fffe 	bl	0 <SdRamMain>
  e2:	f7ff fffe 	bl	0 <timers_demo_main>
  e6:	f7ff fffe 	bl	0 <SdRamMain>
  ea:	4604      	mov	r4, r0
  ec:	4688      	mov	r8, r1
  ee:	f04f 0a00 	mov.w	sl, #0
  f2:	f7ff fffe 	bl	0 <SdRamMain>
  f6:	1a20      	subs	r0, r4, r0
  f8:	eb68 0301 	sbc.w	r3, r8, r1
  fc:	4287      	cmp	r7, r0
  fe:	eb7a 0303 	sbcs.w	r3, sl, r3
 102:	d2f6      	bcs.n	f2 <SdRamMain+0xf2>
 104:	3501      	adds	r5, #1
 106:	2132      	movs	r1, #50	; 0x32
 108:	4628      	mov	r0, r5
 10a:	f7ff fffe 	bl	0 <__aeabi_idivmod>
 10e:	2900      	cmp	r1, #0
 110:	d1e9      	bne.n	e6 <SdRamMain+0xe6>
 112:	f7ff fffe 	bl	0 <SdRamMain>
 116:	f7ff fffe 	bl	0 <SdRamMain>
 11a:	4630      	mov	r0, r6
 11c:	f7ff fffe 	bl	0 <SdRamMain>
 120:	e7e1      	b.n	e6 <SdRamMain+0xe6>
 122:	bf00      	nop
 124:	ffd00000 	.word	0xffd00000
	...
 130:	004c4b3f 	.word	0x004c4b3f
 134:	000004db 	.word	0x000004db
 138:	00000000 	.word	0x00000000
 13c:	00000012 	.word	0x00000012
 140:	00000030 	.word	0x00000030
 144:	0000000b 	.word	0x0000000b
 148:	0000005a 	.word	0x0000005a
 14c:	0000008a 	.word	0x0000008a
 150:	000000bb 	.word	0x000000bb
 154:	000000eb 	.word	0x000000eb
 158:	0000011b 	.word	0x0000011b
 15c:	0000014b 	.word	0x0000014b
 160:	0000017b 	.word	0x0000017b
 164:	000001ab 	.word	0x000001ab
 168:	000001db 	.word	0x000001db
 16c:	0000020b 	.word	0x0000020b
 170:	0000023b 	.word	0x0000023b
 174:	0000026b 	.word	0x0000026b
 178:	0000029b 	.word	0x0000029b
 17c:	000002cb 	.word	0x000002cb
 180:	000002fb 	.word	0x000002fb
 184:	0000032b 	.word	0x0000032b
 188:	0000035b 	.word	0x0000035b
 18c:	0000038b 	.word	0x0000038b
 190:	000003bb 	.word	0x000003bb
 194:	000003eb 	.word	0x000003eb
 198:	0000041b 	.word	0x0000041b
 19c:	0000044b 	.word	0x0000044b
 1a0:	0000047b 	.word	0x0000047b
 1a4:	000004ab 	.word	0x000004ab

Disassembly of section .text.hang:

00000000 <hang>:
   0:	4802      	ldr	r0, [pc, #8]	; (c <hang+0xc>)
   2:	b508      	push	{r3, lr}
   4:	f7ff fffe 	bl	0 <hang>
   8:	e7fe      	b.n	8 <hang+0x8>
   a:	bf00      	nop
   c:	00000000 	.word	0x00000000
