
hwlibs/src/alt_sdmmc.o:     file format elf32-littlearm


Disassembly of section .text.alt_sdmmc_is_busy:

00000000 <alt_sdmmc_is_busy>:
   0:	4b02      	ldr	r3, [pc, #8]	; (c <alt_sdmmc_is_busy+0xc>)
   2:	6818      	ldr	r0, [r3, #0]
   4:	f3c0 2040 	ubfx	r0, r0, #9, #1
   8:	4770      	bx	lr
   a:	bf00      	nop
   c:	ff704048 	.word	0xff704048

Disassembly of section .text.alt_sdmmc_is_idle:

00000000 <alt_sdmmc_is_idle>:
   0:	4b06      	ldr	r3, [pc, #24]	; (1c <alt_sdmmc_is_idle+0x1c>)
   2:	681a      	ldr	r2, [r3, #0]
   4:	3344      	adds	r3, #68	; 0x44
   6:	681b      	ldr	r3, [r3, #0]
   8:	0b5b      	lsrs	r3, r3, #13
   a:	ea43 1312 	orr.w	r3, r3, r2, lsr #4
   e:	f013 0f0f 	tst.w	r3, #15
  12:	bf0c      	ite	eq
  14:	2001      	moveq	r0, #1
  16:	2000      	movne	r0, #0
  18:	4770      	bx	lr
  1a:	bf00      	nop
  1c:	ff704048 	.word	0xff704048

Disassembly of section .text.alt_sdmmc_block_size_set:

00000000 <alt_sdmmc_block_size_set>:
   0:	4a03      	ldr	r2, [pc, #12]	; (10 <alt_sdmmc_block_size_set+0x10>)
   2:	6813      	ldr	r3, [r2, #0]
   4:	0c1b      	lsrs	r3, r3, #16
   6:	041b      	lsls	r3, r3, #16
   8:	4318      	orrs	r0, r3
   a:	6010      	str	r0, [r2, #0]
   c:	2000      	movs	r0, #0
   e:	4770      	bx	lr
  10:	ff70401c 	.word	0xff70401c

Disassembly of section .text.alt_sdmmc_cmd_set:

00000000 <alt_sdmmc_cmd_set>:
   0:	b530      	push	{r4, r5, lr}
   2:	f000 003f 	and.w	r0, r0, #63	; 0x3f
   6:	784c      	ldrb	r4, [r1, #1]
   8:	780d      	ldrb	r5, [r1, #0]
   a:	f005 0380 	and.w	r3, r5, #128	; 0x80
   e:	f005 0540 	and.w	r5, r5, #64	; 0x40
  12:	4303      	orrs	r3, r0
  14:	09e0      	lsrs	r0, r4, #7
  16:	ea43 33c0 	orr.w	r3, r3, r0, lsl #15
  1a:	f004 0001 	and.w	r0, r4, #1
  1e:	432b      	orrs	r3, r5
  20:	ea43 2300 	orr.w	r3, r3, r0, lsl #8
  24:	f3c4 0040 	ubfx	r0, r4, #1, #1
  28:	ea43 2340 	orr.w	r3, r3, r0, lsl #9
  2c:	f3c4 0080 	ubfx	r0, r4, #2, #1
  30:	ea43 2380 	orr.w	r3, r3, r0, lsl #10
  34:	f3c4 00c0 	ubfx	r0, r4, #3, #1
  38:	ea43 23c0 	orr.w	r3, r3, r0, lsl #11
  3c:	f3c4 1000 	ubfx	r0, r4, #4, #1
  40:	ea43 3300 	orr.w	r3, r3, r0, lsl #12
  44:	f3c4 1040 	ubfx	r0, r4, #5, #1
  48:	f3c4 1480 	ubfx	r4, r4, #6, #1
  4c:	ea43 3340 	orr.w	r3, r3, r0, lsl #13
  50:	7888      	ldrb	r0, [r1, #2]
  52:	78c9      	ldrb	r1, [r1, #3]
  54:	ea43 3384 	orr.w	r3, r3, r4, lsl #14
  58:	f3c0 1440 	ubfx	r4, r0, #5, #1
  5c:	ea43 5344 	orr.w	r3, r3, r4, lsl #21
  60:	f3c0 1480 	ubfx	r4, r0, #6, #1
  64:	09c0      	lsrs	r0, r0, #7
  66:	ea43 5384 	orr.w	r3, r3, r4, lsl #22
  6a:	ea43 53c0 	orr.w	r3, r3, r0, lsl #23
  6e:	f001 0001 	and.w	r0, r1, #1
  72:	ea43 6300 	orr.w	r3, r3, r0, lsl #24
  76:	f3c1 0040 	ubfx	r0, r1, #1, #1
  7a:	ea43 6340 	orr.w	r3, r3, r0, lsl #25
  7e:	f3c1 0080 	ubfx	r0, r1, #2, #1
  82:	ea43 6380 	orr.w	r3, r3, r0, lsl #26
  86:	f3c1 00c0 	ubfx	r0, r1, #3, #1
  8a:	ea43 63c0 	orr.w	r3, r3, r0, lsl #27
  8e:	f3c1 1000 	ubfx	r0, r1, #4, #1
  92:	f3c1 1140 	ubfx	r1, r1, #5, #1
  96:	ea43 7300 	orr.w	r3, r3, r0, lsl #28
  9a:	2000      	movs	r0, #0
  9c:	ea43 7341 	orr.w	r3, r3, r1, lsl #29
  a0:	ea43 72c2 	orr.w	r2, r3, r2, lsl #31
  a4:	4b01      	ldr	r3, [pc, #4]	; (ac <alt_sdmmc_cmd_set+0xac>)
  a6:	601a      	str	r2, [r3, #0]
  a8:	bd30      	pop	{r4, r5, pc}
  aa:	bf00      	nop
  ac:	ff70402c 	.word	0xff70402c

Disassembly of section .text.alt_sdmmc_error_status_detect:

00000000 <alt_sdmmc_error_status_detect>:
   0:	4b09      	ldr	r3, [pc, #36]	; (28 <alt_sdmmc_error_status_detect+0x28>)
   2:	f64b 30c2 	movw	r0, #48066	; 0xbbc2
   6:	b510      	push	{r4, lr}
   8:	681c      	ldr	r4, [r3, #0]
   a:	4020      	ands	r0, r4
   c:	d00a      	beq.n	24 <alt_sdmmc_error_status_detect+0x24>
   e:	4807      	ldr	r0, [pc, #28]	; (2c <alt_sdmmc_error_status_detect+0x2c>)
  10:	f7ff fffe 	bl	0 <puts>
  14:	4620      	mov	r0, r4
  16:	f7ff fffe 	bl	0 <putHexa32>
  1a:	4805      	ldr	r0, [pc, #20]	; (18 <puts+0x18>)
  1c:	f7ff fffe 	bl	0 <puts>
  20:	f04f 30ff 	mov.w	r0, #4294967295	; 0xffffffff
  24:	bd10      	pop	{r4, pc}
  26:	bf00      	nop
  28:	ff704040 	.word	0xff704040
  2c:	00000000 	.word	0x00000000
  30:	0000001e 	.word	0x0000001e

Disassembly of section .text.alt_sdmmc_bus_width_set:

00000000 <alt_sdmmc_bus_width_set>:
   0:	2804      	cmp	r0, #4
   2:	d013      	beq.n	2c <alt_sdmmc_bus_width_set+0x2c>
   4:	2808      	cmp	r0, #8
   6:	d00a      	beq.n	1e <alt_sdmmc_bus_width_set+0x1e>
   8:	2801      	cmp	r0, #1
   a:	d119      	bne.n	40 <alt_sdmmc_bus_width_set+0x40>
   c:	4b0e      	ldr	r3, [pc, #56]	; (48 <alt_sdmmc_bus_width_set+0x48>)
   e:	681a      	ldr	r2, [r3, #0]
  10:	f422 3280 	bic.w	r2, r2, #65536	; 0x10000
  14:	601a      	str	r2, [r3, #0]
  16:	681a      	ldr	r2, [r3, #0]
  18:	f022 0201 	bic.w	r2, r2, #1
  1c:	e00e      	b.n	3c <alt_sdmmc_bus_width_set+0x3c>
  1e:	4a0a      	ldr	r2, [pc, #40]	; (48 <alt_sdmmc_bus_width_set+0x48>)
  20:	6813      	ldr	r3, [r2, #0]
  22:	f443 3380 	orr.w	r3, r3, #65536	; 0x10000
  26:	6013      	str	r3, [r2, #0]
  28:	2000      	movs	r0, #0
  2a:	4770      	bx	lr
  2c:	4b06      	ldr	r3, [pc, #24]	; (48 <alt_sdmmc_bus_width_set+0x48>)
  2e:	681a      	ldr	r2, [r3, #0]
  30:	f422 3280 	bic.w	r2, r2, #65536	; 0x10000
  34:	601a      	str	r2, [r3, #0]
  36:	681a      	ldr	r2, [r3, #0]
  38:	f042 0201 	orr.w	r2, r2, #1
  3c:	601a      	str	r2, [r3, #0]
  3e:	e7f3      	b.n	28 <alt_sdmmc_bus_width_set+0x28>
  40:	f06f 0008 	mvn.w	r0, #8
  44:	4770      	bx	lr
  46:	bf00      	nop
  48:	ff704018 	.word	0xff704018

Disassembly of section .text.alt_sdmmc_card_pwr_on:

00000000 <alt_sdmmc_card_pwr_on>:
   0:	4a03      	ldr	r2, [pc, #12]	; (10 <alt_sdmmc_card_pwr_on+0x10>)
   2:	2000      	movs	r0, #0
   4:	6813      	ldr	r3, [r2, #0]
   6:	f043 0301 	orr.w	r3, r3, #1
   a:	6013      	str	r3, [r2, #0]
   c:	4770      	bx	lr
   e:	bf00      	nop
  10:	ff704004 	.word	0xff704004

Disassembly of section .text.alt_sdmmc_card_pwr_is_on:

00000000 <alt_sdmmc_card_pwr_is_on>:
   0:	4b02      	ldr	r3, [pc, #8]	; (c <alt_sdmmc_card_pwr_is_on+0xc>)
   2:	6818      	ldr	r0, [r3, #0]
   4:	f000 0001 	and.w	r0, r0, #1
   8:	4770      	bx	lr
   a:	bf00      	nop
   c:	ff704004 	.word	0xff704004

Disassembly of section .text.alt_sdmmc_card_pwr_off:

00000000 <alt_sdmmc_card_pwr_off>:
   0:	b508      	push	{r3, lr}
   2:	f7ff fffe 	bl	0 <alt_sdmmc_card_pwr_off>
   6:	b150      	cbz	r0, 1e <alt_sdmmc_card_pwr_off+0x1e>
   8:	4a06      	ldr	r2, [pc, #24]	; (24 <alt_sdmmc_card_pwr_off+0x24>)
   a:	6813      	ldr	r3, [r2, #0]
   c:	f023 0301 	bic.w	r3, r3, #1
  10:	6013      	str	r3, [r2, #0]
  12:	4a05      	ldr	r2, [pc, #20]	; (28 <alt_sdmmc_card_pwr_off+0x28>)
  14:	4b05      	ldr	r3, [pc, #20]	; (2c <alt_sdmmc_card_pwr_off+0x2c>)
  16:	601a      	str	r2, [r3, #0]
  18:	2200      	movs	r2, #0
  1a:	4b05      	ldr	r3, [pc, #20]	; (30 <alt_sdmmc_card_pwr_off+0x30>)
  1c:	601a      	str	r2, [r3, #0]
  1e:	2000      	movs	r0, #0
  20:	bd08      	pop	{r3, pc}
  22:	bf00      	nop
  24:	ff704004 	.word	0xff704004
  28:	0001ffff 	.word	0x0001ffff
  2c:	ff704044 	.word	0xff704044
  30:	00000000 	.word	0x00000000

Disassembly of section .text.alt_sdmmc_card_clk_div_get:

00000000 <alt_sdmmc_card_clk_div_get>:
   0:	4b01      	ldr	r3, [pc, #4]	; (8 <alt_sdmmc_card_clk_div_get+0x8>)
   2:	6818      	ldr	r0, [r3, #0]
   4:	b2c0      	uxtb	r0, r0
   6:	4770      	bx	lr
   8:	ff704008 	.word	0xff704008

Disassembly of section .text.alt_sdmmc_card_speed_get:

00000000 <alt_sdmmc_card_speed_get>:
   0:	b508      	push	{r3, lr}
   2:	4b04      	ldr	r3, [pc, #16]	; (14 <alt_sdmmc_card_speed_get+0x14>)
   4:	6819      	ldr	r1, [r3, #0]
   6:	4b04      	ldr	r3, [pc, #16]	; (18 <alt_sdmmc_card_speed_get+0x18>)
   8:	b2c9      	uxtb	r1, r1
   a:	6818      	ldr	r0, [r3, #0]
   c:	00c9      	lsls	r1, r1, #3
   e:	f7ff fffe 	bl	0 <__aeabi_uidiv>
  12:	bd08      	pop	{r3, pc}
  14:	ff704008 	.word	0xff704008
  18:	00000000 	.word	0x00000000

Disassembly of section .text.alt_sdmmc_card_clk_is_enabled:

00000000 <alt_sdmmc_card_clk_is_enabled>:
   0:	4b02      	ldr	r3, [pc, #8]	; (c <alt_sdmmc_card_clk_is_enabled+0xc>)
   2:	6818      	ldr	r0, [r3, #0]
   4:	f000 0001 	and.w	r0, r0, #1
   8:	4770      	bx	lr
   a:	bf00      	nop
   c:	ff704010 	.word	0xff704010

Disassembly of section .text.alt_sdmmc_card_clk_low_power_is_enabled:

00000000 <alt_sdmmc_card_clk_low_power_is_enabled>:
   0:	4b02      	ldr	r3, [pc, #8]	; (c <alt_sdmmc_card_clk_low_power_is_enabled+0xc>)
   2:	6818      	ldr	r0, [r3, #0]
   4:	f3c0 4000 	ubfx	r0, r0, #16, #1
   8:	4770      	bx	lr
   a:	bf00      	nop
   c:	ff704010 	.word	0xff704010

Disassembly of section .text.alt_sdmmc_card_misc_get:

00000000 <alt_sdmmc_card_misc_get>:
   0:	4b0e      	ldr	r3, [pc, #56]	; (3c <alt_sdmmc_card_misc_get+0x3c>)
   2:	681b      	ldr	r3, [r3, #0]
   4:	b2da      	uxtb	r2, r3
   6:	0a1b      	lsrs	r3, r3, #8
   8:	6043      	str	r3, [r0, #4]
   a:	4b0d      	ldr	r3, [pc, #52]	; (40 <alt_sdmmc_card_misc_get+0x40>)
   c:	6002      	str	r2, [r0, #0]
   e:	681b      	ldr	r3, [r3, #0]
  10:	03da      	lsls	r2, r3, #15
  12:	d410      	bmi.n	36 <alt_sdmmc_card_misc_get+0x36>
  14:	f013 0f01 	tst.w	r3, #1
  18:	bf14      	ite	ne
  1a:	2304      	movne	r3, #4
  1c:	2301      	moveq	r3, #1
  1e:	6083      	str	r3, [r0, #8]
  20:	4b08      	ldr	r3, [pc, #32]	; (44 <alt_sdmmc_card_misc_get+0x44>)
  22:	681b      	ldr	r3, [r3, #0]
  24:	b29b      	uxth	r3, r3
  26:	60c3      	str	r3, [r0, #12]
  28:	4b07      	ldr	r3, [pc, #28]	; (48 <alt_sdmmc_card_misc_get+0x48>)
  2a:	681b      	ldr	r3, [r3, #0]
  2c:	f023 437f 	bic.w	r3, r3, #4278190080	; 0xff000000
  30:	6103      	str	r3, [r0, #16]
  32:	2000      	movs	r0, #0
  34:	4770      	bx	lr
  36:	2308      	movs	r3, #8
  38:	e7f1      	b.n	1e <alt_sdmmc_card_misc_get+0x1e>
  3a:	bf00      	nop
  3c:	ff704014 	.word	0xff704014
  40:	ff704018 	.word	0xff704018
  44:	ff70401c 	.word	0xff70401c
  48:	ff704064 	.word	0xff704064

Disassembly of section .text.alt_sdmmc_card_misc_set:

00000000 <alt_sdmmc_card_misc_set>:
   0:	b508      	push	{r3, lr}
   2:	4601      	mov	r1, r0
   4:	7803      	ldrb	r3, [r0, #0]
   6:	6842      	ldr	r2, [r0, #4]
   8:	480b      	ldr	r0, [pc, #44]	; (38 <alt_sdmmc_card_misc_set+0x38>)
   a:	ea43 2302 	orr.w	r3, r3, r2, lsl #8
   e:	4a0b      	ldr	r2, [pc, #44]	; (3c <alt_sdmmc_card_misc_set+0x3c>)
  10:	6013      	str	r3, [r2, #0]
  12:	6802      	ldr	r2, [r0, #0]
  14:	690b      	ldr	r3, [r1, #16]
  16:	f002 427f 	and.w	r2, r2, #4278190080	; 0xff000000
  1a:	f023 437f 	bic.w	r3, r3, #4278190080	; 0xff000000
  1e:	4313      	orrs	r3, r2
  20:	6003      	str	r3, [r0, #0]
  22:	6888      	ldr	r0, [r1, #8]
  24:	f7ff fffe 	bl	0 <alt_sdmmc_card_misc_set>
  28:	b920      	cbnz	r0, 34 <alt_sdmmc_card_misc_set+0x34>
  2a:	8988      	ldrh	r0, [r1, #12]
  2c:	e8bd 4008 	ldmia.w	sp!, {r3, lr}
  30:	f7ff bffe 	b.w	0 <alt_sdmmc_card_misc_set>
  34:	bd08      	pop	{r3, pc}
  36:	bf00      	nop
  38:	ff704064 	.word	0xff704064
  3c:	ff704014 	.word	0xff704014

Disassembly of section .text.alt_sdmmc_dma_start:

00000000 <alt_sdmmc_dma_start>:
   0:	b510      	push	{r4, lr}
   2:	0212      	lsls	r2, r2, #8
   4:	4c0b      	ldr	r4, [pc, #44]	; (34 <alt_sdmmc_dma_start+0x34>)
   6:	0089      	lsls	r1, r1, #2
   8:	005b      	lsls	r3, r3, #1
   a:	f402 62e0 	and.w	r2, r2, #1792	; 0x700
   e:	f001 017c 	and.w	r1, r1, #124	; 0x7c
  12:	6020      	str	r0, [r4, #0]
  14:	430a      	orrs	r2, r1
  16:	f854 0c08 	ldr.w	r0, [r4, #-8]
  1a:	f003 0302 	and.w	r3, r3, #2
  1e:	431a      	orrs	r2, r3
  20:	f420 63ef 	bic.w	r3, r0, #1912	; 0x778
  24:	2000      	movs	r0, #0
  26:	f023 0306 	bic.w	r3, r3, #6
  2a:	431a      	orrs	r2, r3
  2c:	f844 2c08 	str.w	r2, [r4, #-8]
  30:	bd10      	pop	{r4, pc}
  32:	bf00      	nop
  34:	ff704088 	.word	0xff704088

Disassembly of section .text.alt_sdmmc_card_is_write_protected:

00000000 <alt_sdmmc_card_is_write_protected>:
   0:	4a03      	ldr	r2, [pc, #12]	; (10 <alt_sdmmc_card_is_write_protected+0x10>)
   2:	2000      	movs	r0, #0
   4:	6813      	ldr	r3, [r2, #0]
   6:	f043 0301 	orr.w	r3, r3, #1
   a:	6013      	str	r3, [r2, #0]
   c:	4770      	bx	lr
   e:	bf00      	nop
  10:	ff704054 	.word	0xff704054

Disassembly of section .text.alt_sdmmc_fifo_reset:

00000000 <alt_sdmmc_fifo_reset>:
   0:	4b07      	ldr	r3, [pc, #28]	; (20 <alt_sdmmc_fifo_reset+0x20>)
   2:	681a      	ldr	r2, [r3, #0]
   4:	f042 0202 	orr.w	r2, r2, #2
   8:	601a      	str	r2, [r3, #0]
   a:	f44f 5200 	mov.w	r2, #8192	; 0x2000
   e:	6818      	ldr	r0, [r3, #0]
  10:	f010 0002 	ands.w	r0, r0, #2
  14:	d003      	beq.n	1e <alt_sdmmc_fifo_reset+0x1e>
  16:	3a01      	subs	r2, #1
  18:	d1f9      	bne.n	e <alt_sdmmc_fifo_reset+0xe>
  1a:	f06f 000b 	mvn.w	r0, #11
  1e:	4770      	bx	lr
  20:	ff704000 	.word	0xff704000

Disassembly of section .text.alt_sdmmc_dma_reset:

00000000 <alt_sdmmc_dma_reset>:
   0:	4b07      	ldr	r3, [pc, #28]	; (20 <alt_sdmmc_dma_reset+0x20>)
   2:	681a      	ldr	r2, [r3, #0]
   4:	f042 0204 	orr.w	r2, r2, #4
   8:	601a      	str	r2, [r3, #0]
   a:	f44f 5200 	mov.w	r2, #8192	; 0x2000
   e:	6818      	ldr	r0, [r3, #0]
  10:	f010 0004 	ands.w	r0, r0, #4
  14:	d003      	beq.n	1e <alt_sdmmc_dma_reset+0x1e>
  16:	3a01      	subs	r2, #1
  18:	d1f9      	bne.n	e <alt_sdmmc_dma_reset+0xe>
  1a:	f06f 000b 	mvn.w	r0, #11
  1e:	4770      	bx	lr
  20:	ff704000 	.word	0xff704000

Disassembly of section .text.alt_sdmmc_card_is_detected:

00000000 <alt_sdmmc_card_is_detected>:
   0:	4b02      	ldr	r3, [pc, #8]	; (c <alt_sdmmc_card_is_detected+0xc>)
   2:	6818      	ldr	r0, [r3, #0]
   4:	f3c0 2000 	ubfx	r0, r0, #8, #1
   8:	4770      	bx	lr
   a:	bf00      	nop
   c:	ff704048 	.word	0xff704048

Disassembly of section .text.alt_sdmmc_read_long_response:

00000000 <alt_sdmmc_read_long_response>:
   0:	4b07      	ldr	r3, [pc, #28]	; (20 <alt_sdmmc_read_long_response+0x20>)
   2:	b510      	push	{r4, lr}
   4:	330c      	adds	r3, #12
   6:	f853 4c0c 	ldr.w	r4, [r3, #-12]
   a:	f853 1c08 	ldr.w	r1, [r3, #-8]
   e:	f853 2c04 	ldr.w	r2, [r3, #-4]
  12:	681b      	ldr	r3, [r3, #0]
  14:	6004      	str	r4, [r0, #0]
  16:	6041      	str	r1, [r0, #4]
  18:	6082      	str	r2, [r0, #8]
  1a:	60c3      	str	r3, [r0, #12]
  1c:	2000      	movs	r0, #0
  1e:	bd10      	pop	{r4, pc}
  20:	ff704030 	.word	0xff704030

Disassembly of section .text.alt_sdmmc_fifo_read:

00000000 <alt_sdmmc_fifo_read>:
   0:	b570      	push	{r4, r5, r6, lr}
   2:	088c      	lsrs	r4, r1, #2
   4:	4d0c      	ldr	r5, [pc, #48]	; (38 <alt_sdmmc_fifo_read+0x38>)
   6:	4603      	mov	r3, r0
   8:	eb00 0284 	add.w	r2, r0, r4, lsl #2
   c:	4293      	cmp	r3, r2
   e:	d10b      	bne.n	28 <alt_sdmmc_fifo_read+0x28>
  10:	f011 0103 	ands.w	r1, r1, #3
  14:	d006      	beq.n	24 <alt_sdmmc_fifo_read+0x24>
  16:	4b08      	ldr	r3, [pc, #32]	; (38 <alt_sdmmc_fifo_read+0x38>)
  18:	4420      	add	r0, r4
  1a:	681a      	ldr	r2, [r3, #0]
  1c:	4603      	mov	r3, r0
  1e:	1a1c      	subs	r4, r3, r0
  20:	42a1      	cmp	r1, r4
  22:	d805      	bhi.n	30 <alt_sdmmc_fifo_read+0x30>
  24:	2000      	movs	r0, #0
  26:	bd70      	pop	{r4, r5, r6, pc}
  28:	682e      	ldr	r6, [r5, #0]
  2a:	f843 6b04 	str.w	r6, [r3], #4
  2e:	e7ed      	b.n	c <alt_sdmmc_fifo_read+0xc>
  30:	f803 2b01 	strb.w	r2, [r3], #1
  34:	0a12      	lsrs	r2, r2, #8
  36:	e7f2      	b.n	1e <alt_sdmmc_fifo_read+0x1e>
  38:	ff704200 	.word	0xff704200

Disassembly of section .text.alt_sdmmc_fifo_write:

00000000 <alt_sdmmc_fifo_write>:
   0:	b570      	push	{r4, r5, r6, lr}
   2:	088c      	lsrs	r4, r1, #2
   4:	4d0e      	ldr	r5, [pc, #56]	; (40 <alt_sdmmc_fifo_write+0x40>)
   6:	4603      	mov	r3, r0
   8:	eb00 0284 	add.w	r2, r0, r4, lsl #2
   c:	4293      	cmp	r3, r2
   e:	d112      	bne.n	36 <alt_sdmmc_fifo_write+0x36>
  10:	f011 0103 	ands.w	r1, r1, #3
  14:	d00d      	beq.n	32 <alt_sdmmc_fifo_write+0x32>
  16:	2200      	movs	r2, #0
  18:	4420      	add	r0, r4
  1a:	4613      	mov	r3, r2
  1c:	5cc4      	ldrb	r4, [r0, r3]
  1e:	00dd      	lsls	r5, r3, #3
  20:	3301      	adds	r3, #1
  22:	428b      	cmp	r3, r1
  24:	fa04 f405 	lsl.w	r4, r4, r5
  28:	ea42 0204 	orr.w	r2, r2, r4
  2c:	d1f6      	bne.n	1c <alt_sdmmc_fifo_write+0x1c>
  2e:	4b04      	ldr	r3, [pc, #16]	; (40 <alt_sdmmc_fifo_write+0x40>)
  30:	601a      	str	r2, [r3, #0]
  32:	2000      	movs	r0, #0
  34:	bd70      	pop	{r4, r5, r6, pc}
  36:	f853 6b04 	ldr.w	r6, [r3], #4
  3a:	602e      	str	r6, [r5, #0]
  3c:	e7e6      	b.n	c <alt_sdmmc_fifo_write+0xc>
  3e:	bf00      	nop
  40:	ff704200 	.word	0xff704200

Disassembly of section .text.alt_sdmmc_int_status_get:

00000000 <alt_sdmmc_int_status_get>:
   0:	4b01      	ldr	r3, [pc, #4]	; (8 <alt_sdmmc_int_status_get+0x8>)
   2:	6818      	ldr	r0, [r3, #0]
   4:	4770      	bx	lr
   6:	bf00      	nop
   8:	ff704040 	.word	0xff704040

Disassembly of section .text.alt_sdmmc_int_mask_get:

00000000 <alt_sdmmc_int_mask_get>:
   0:	4b01      	ldr	r3, [pc, #4]	; (8 <alt_sdmmc_int_mask_get+0x8>)
   2:	6818      	ldr	r0, [r3, #0]
   4:	4770      	bx	lr
   6:	bf00      	nop
   8:	ff704024 	.word	0xff704024

Disassembly of section .text.alt_sdmmc_int_clear:

00000000 <alt_sdmmc_int_clear>:
   0:	4b01      	ldr	r3, [pc, #4]	; (8 <alt_sdmmc_int_clear+0x8>)
   2:	6018      	str	r0, [r3, #0]
   4:	2000      	movs	r0, #0
   6:	4770      	bx	lr
   8:	ff704044 	.word	0xff704044

Disassembly of section .text.alt_sdmmc_int_disable:

00000000 <alt_sdmmc_int_disable>:
   0:	4a03      	ldr	r2, [pc, #12]	; (10 <alt_sdmmc_int_disable+0x10>)
   2:	6813      	ldr	r3, [r2, #0]
   4:	ea23 0000 	bic.w	r0, r3, r0
   8:	6010      	str	r0, [r2, #0]
   a:	2000      	movs	r0, #0
   c:	4770      	bx	lr
   e:	bf00      	nop
  10:	ff704024 	.word	0xff704024

Disassembly of section .text.alt_sdmmc_int_enable:

00000000 <alt_sdmmc_int_enable>:
   0:	f3c0 0310 	ubfx	r3, r0, #0, #17
   4:	b143      	cbz	r3, 18 <alt_sdmmc_int_enable+0x18>
   6:	4a05      	ldr	r2, [pc, #20]	; (1c <alt_sdmmc_int_enable+0x1c>)
   8:	6813      	ldr	r3, [r2, #0]
   a:	f043 0310 	orr.w	r3, r3, #16
   e:	6013      	str	r3, [r2, #0]
  10:	4b03      	ldr	r3, [pc, #12]	; (20 <alt_sdmmc_int_enable+0x20>)
  12:	681a      	ldr	r2, [r3, #0]
  14:	4310      	orrs	r0, r2
  16:	6018      	str	r0, [r3, #0]
  18:	2000      	movs	r0, #0
  1a:	4770      	bx	lr
  1c:	ff704000 	.word	0xff704000
  20:	ff704024 	.word	0xff704024

Disassembly of section .text.alt_sdmmc_fifo_is_rx_wtrmk_reached:

00000000 <alt_sdmmc_fifo_is_rx_wtrmk_reached>:
   0:	4b02      	ldr	r3, [pc, #8]	; (c <alt_sdmmc_fifo_is_rx_wtrmk_reached+0xc>)
   2:	6818      	ldr	r0, [r3, #0]
   4:	43c0      	mvns	r0, r0
   6:	f000 0001 	and.w	r0, r0, #1
   a:	4770      	bx	lr
   c:	ff704048 	.word	0xff704048

Disassembly of section .text.alt_sdmmc_fifo_is_tx_wtrmk_reached:

00000000 <alt_sdmmc_fifo_is_tx_wtrmk_reached>:
   0:	4b02      	ldr	r3, [pc, #8]	; (c <alt_sdmmc_fifo_is_tx_wtrmk_reached+0xc>)
   2:	6818      	ldr	r0, [r3, #0]
   4:	f3c0 0040 	ubfx	r0, r0, #1, #1
   8:	4770      	bx	lr
   a:	bf00      	nop
   c:	ff704048 	.word	0xff704048

Disassembly of section .text.alt_sdmmc_fifo_is_empty:

00000000 <alt_sdmmc_fifo_is_empty>:
   0:	4b02      	ldr	r3, [pc, #8]	; (c <alt_sdmmc_fifo_is_empty+0xc>)
   2:	6818      	ldr	r0, [r3, #0]
   4:	f3c0 0080 	ubfx	r0, r0, #2, #1
   8:	4770      	bx	lr
   a:	bf00      	nop
   c:	ff704048 	.word	0xff704048

Disassembly of section .text.alt_sdmmc_fifo_is_full:

00000000 <alt_sdmmc_fifo_is_full>:
   0:	4b02      	ldr	r3, [pc, #8]	; (c <alt_sdmmc_fifo_is_full+0xc>)
   2:	6818      	ldr	r0, [r3, #0]
   4:	f3c0 00c0 	ubfx	r0, r0, #3, #1
   8:	4770      	bx	lr
   a:	bf00      	nop
   c:	ff704048 	.word	0xff704048

Disassembly of section .text.alt_sdmmc_fifo_count:

00000000 <alt_sdmmc_fifo_count>:
   0:	4b02      	ldr	r3, [pc, #8]	; (c <alt_sdmmc_fifo_count+0xc>)
   2:	6818      	ldr	r0, [r3, #0]
   4:	f3c0 404c 	ubfx	r0, r0, #17, #13
   8:	4770      	bx	lr
   a:	bf00      	nop
   c:	ff704048 	.word	0xff704048

Disassembly of section .text.alt_sdmmc_transfer_helper:

00000000 <alt_sdmmc_transfer_helper>:
   0:	e92d 41f0 	stmdb	sp!, {r4, r5, r6, r7, r8, lr}
   4:	4605      	mov	r5, r0
   6:	4f25      	ldr	r7, [pc, #148]	; (9c <alt_sdmmc_transfer_helper+0x9c>)
   8:	4616      	mov	r6, r2
   a:	460c      	mov	r4, r1
   c:	b90c      	cbnz	r4, 12 <alt_sdmmc_transfer_helper+0x12>
   e:	46a0      	mov	r8, r4
  10:	e006      	b.n	20 <alt_sdmmc_transfer_helper+0x20>
  12:	f7ff fffe 	bl	0 <alt_sdmmc_transfer_helper>
  16:	4680      	mov	r8, r0
  18:	b128      	cbz	r0, 26 <alt_sdmmc_transfer_helper+0x26>
  1a:	4821      	ldr	r0, [pc, #132]	; (a0 <alt_sdmmc_transfer_helper+0xa0>)
  1c:	f7ff fffe 	bl	0 <puts>
  20:	4640      	mov	r0, r8
  22:	e8bd 81f0 	ldmia.w	sp!, {r4, r5, r6, r7, r8, pc}
  26:	4a1f      	ldr	r2, [pc, #124]	; (a4 <alt_sdmmc_transfer_helper+0xa4>)
  28:	b95e      	cbnz	r6, 42 <alt_sdmmc_transfer_helper+0x42>
  2a:	f7ff fffe 	bl	0 <alt_sdmmc_transfer_helper>
  2e:	4603      	mov	r3, r0
  30:	4630      	mov	r0, r6
  32:	3a01      	subs	r2, #1
  34:	d10e      	bne.n	54 <alt_sdmmc_transfer_helper+0x54>
  36:	481c      	ldr	r0, [pc, #112]	; (a8 <alt_sdmmc_transfer_helper+0xa8>)
  38:	f06f 080b 	mvn.w	r8, #11
  3c:	f7ff fffe 	bl	0 <puts>
  40:	e7ee      	b.n	20 <alt_sdmmc_transfer_helper+0x20>
  42:	2e01      	cmp	r6, #1
  44:	d103      	bne.n	4e <alt_sdmmc_transfer_helper+0x4e>
  46:	f7ff fffe 	bl	0 <alt_sdmmc_transfer_helper>
  4a:	2300      	movs	r3, #0
  4c:	e7f1      	b.n	32 <alt_sdmmc_transfer_helper+0x32>
  4e:	2300      	movs	r3, #0
  50:	4618      	mov	r0, r3
  52:	e7ee      	b.n	32 <alt_sdmmc_transfer_helper+0x32>
  54:	4303      	orrs	r3, r0
  56:	d1e7      	bne.n	28 <alt_sdmmc_transfer_helper+0x28>
  58:	f7ff fffe 	bl	0 <alt_sdmmc_transfer_helper>
  5c:	2e01      	cmp	r6, #1
  5e:	d10f      	bne.n	80 <alt_sdmmc_transfer_helper+0x80>
  60:	f5c0 6380 	rsb	r3, r0, #1024	; 0x400
  64:	08a0      	lsrs	r0, r4, #2
  66:	4298      	cmp	r0, r3
  68:	bf28      	it	cs
  6a:	4618      	movcs	r0, r3
  6c:	0080      	lsls	r0, r0, #2
  6e:	182b      	adds	r3, r5, r0
  70:	429d      	cmp	r5, r3
  72:	d101      	bne.n	78 <alt_sdmmc_transfer_helper+0x78>
  74:	1a24      	subs	r4, r4, r0
  76:	e7c9      	b.n	c <alt_sdmmc_transfer_helper+0xc>
  78:	f855 2b04 	ldr.w	r2, [r5], #4
  7c:	603a      	str	r2, [r7, #0]
  7e:	e7f7      	b.n	70 <alt_sdmmc_transfer_helper+0x70>
  80:	2e00      	cmp	r6, #0
  82:	d1c3      	bne.n	c <alt_sdmmc_transfer_helper+0xc>
  84:	08a3      	lsrs	r3, r4, #2
  86:	4298      	cmp	r0, r3
  88:	bf28      	it	cs
  8a:	4618      	movcs	r0, r3
  8c:	0080      	lsls	r0, r0, #2
  8e:	182b      	adds	r3, r5, r0
  90:	429d      	cmp	r5, r3
  92:	d0ef      	beq.n	74 <alt_sdmmc_transfer_helper+0x74>
  94:	683a      	ldr	r2, [r7, #0]
  96:	f845 2b04 	str.w	r2, [r5], #4
  9a:	e7f9      	b.n	90 <alt_sdmmc_transfer_helper+0x90>
  9c:	ff704200 	.word	0xff704200
  a0:	00000000 	.word	0x00000000
  a4:	000f4240 	.word	0x000f4240
  a8:	0000001b 	.word	0x0000001b

Disassembly of section .text.alt_sdmmc_fifo_param_get:

00000000 <alt_sdmmc_fifo_param_get>:
   0:	4b06      	ldr	r3, [pc, #24]	; (1c <alt_sdmmc_fifo_param_get+0x1c>)
   2:	b510      	push	{r4, lr}
   4:	681b      	ldr	r3, [r3, #0]
   6:	f3c3 440b 	ubfx	r4, r3, #16, #12
   a:	6004      	str	r4, [r0, #0]
   c:	f3c3 000b 	ubfx	r0, r3, #0, #12
  10:	f3c3 7302 	ubfx	r3, r3, #28, #3
  14:	6008      	str	r0, [r1, #0]
  16:	6013      	str	r3, [r2, #0]
  18:	2000      	movs	r0, #0
  1a:	bd10      	pop	{r4, pc}
  1c:	ff70404c 	.word	0xff70404c

Disassembly of section .text.alt_sdmmc_fifo_param_set:

00000000 <alt_sdmmc_fifo_param_set>:
   0:	b510      	push	{r4, lr}
   2:	0712      	lsls	r2, r2, #28
   4:	4c0b      	ldr	r4, [pc, #44]	; (34 <alt_sdmmc_fifo_param_set+0x34>)
   6:	f3c1 010b 	ubfx	r1, r1, #0, #12
   a:	f002 42e0 	and.w	r2, r2, #1879048192	; 0x70000000
   e:	430a      	orrs	r2, r1
  10:	4909      	ldr	r1, [pc, #36]	; (38 <alt_sdmmc_fifo_param_set+0x38>)
  12:	6823      	ldr	r3, [r4, #0]
  14:	f023 43ff 	bic.w	r3, r3, #2139095040	; 0x7f800000
  18:	ea01 4000 	and.w	r0, r1, r0, lsl #16
  1c:	f423 03fe 	bic.w	r3, r3, #8323072	; 0x7f0000
  20:	f423 637f 	bic.w	r3, r3, #4080	; 0xff0
  24:	4302      	orrs	r2, r0
  26:	f023 030f 	bic.w	r3, r3, #15
  2a:	2000      	movs	r0, #0
  2c:	431a      	orrs	r2, r3
  2e:	6022      	str	r2, [r4, #0]
  30:	bd10      	pop	{r4, pc}
  32:	bf00      	nop
  34:	ff70404c 	.word	0xff70404c
  38:	0fff0000 	.word	0x0fff0000

Disassembly of section .text.alt_sdmmc_card_reset:

00000000 <alt_sdmmc_card_reset>:
   0:	f44f 5300 	mov.w	r3, #8192	; 0x2000
   4:	b082      	sub	sp, #8
   6:	9301      	str	r3, [sp, #4]
   8:	4b07      	ldr	r3, [pc, #28]	; (28 <alt_sdmmc_card_reset+0x28>)
   a:	681a      	ldr	r2, [r3, #0]
   c:	f042 0201 	orr.w	r2, r2, #1
  10:	601a      	str	r2, [r3, #0]
  12:	9801      	ldr	r0, [sp, #4]
  14:	1e42      	subs	r2, r0, #1
  16:	9201      	str	r2, [sp, #4]
  18:	2800      	cmp	r0, #0
  1a:	d1fa      	bne.n	12 <alt_sdmmc_card_reset+0x12>
  1c:	681a      	ldr	r2, [r3, #0]
  1e:	f022 0201 	bic.w	r2, r2, #1
  22:	601a      	str	r2, [r3, #0]
  24:	b002      	add	sp, #8
  26:	4770      	bx	lr
  28:	ff704078 	.word	0xff704078

Disassembly of section .text.alt_sdmmc_dma_enable:

00000000 <alt_sdmmc_dma_enable>:
   0:	4a06      	ldr	r2, [pc, #24]	; (1c <alt_sdmmc_dma_enable+0x1c>)
   2:	2000      	movs	r0, #0
   4:	6813      	ldr	r3, [r2, #0]
   6:	f043 7300 	orr.w	r3, r3, #33554432	; 0x2000000
   a:	6013      	str	r3, [r2, #0]
   c:	f8d2 3080 	ldr.w	r3, [r2, #128]	; 0x80
  10:	f043 0380 	orr.w	r3, r3, #128	; 0x80
  14:	f8c2 3080 	str.w	r3, [r2, #128]	; 0x80
  18:	4770      	bx	lr
  1a:	bf00      	nop
  1c:	ff704000 	.word	0xff704000

Disassembly of section .text.alt_sdmmc_dma_disable:

00000000 <alt_sdmmc_dma_disable>:
   0:	4a06      	ldr	r2, [pc, #24]	; (1c <alt_sdmmc_dma_disable+0x1c>)
   2:	2000      	movs	r0, #0
   4:	6813      	ldr	r3, [r2, #0]
   6:	f023 7300 	bic.w	r3, r3, #33554432	; 0x2000000
   a:	6013      	str	r3, [r2, #0]
   c:	f8d2 3080 	ldr.w	r3, [r2, #128]	; 0x80
  10:	f023 0380 	bic.w	r3, r3, #128	; 0x80
  14:	f8c2 3080 	str.w	r3, [r2, #128]	; 0x80
  18:	4770      	bx	lr
  1a:	bf00      	nop
  1c:	ff704000 	.word	0xff704000

Disassembly of section .text.alt_sdmmc_is_dma_enabled:

00000000 <alt_sdmmc_is_dma_enabled>:
   0:	4b04      	ldr	r3, [pc, #16]	; (14 <alt_sdmmc_is_dma_enabled+0x14>)
   2:	6818      	ldr	r0, [r3, #0]
   4:	f010 7000 	ands.w	r0, r0, #33554432	; 0x2000000
   8:	bf1c      	itt	ne
   a:	f8d3 0080 	ldrne.w	r0, [r3, #128]	; 0x80
   e:	f3c0 10c0 	ubfxne	r0, r0, #7, #1
  12:	4770      	bx	lr
  14:	ff704000 	.word	0xff704000

Disassembly of section .text.alt_sdmmc_data_done_waiter:

00000000 <alt_sdmmc_data_done_waiter>:
   0:	b5f8      	push	{r3, r4, r5, r6, r7, lr}
   2:	4c16      	ldr	r4, [pc, #88]	; (5c <alt_sdmmc_data_done_waiter+0x5c>)
   4:	4d16      	ldr	r5, [pc, #88]	; (60 <alt_sdmmc_data_done_waiter+0x60>)
   6:	4e17      	ldr	r6, [pc, #92]	; (64 <alt_sdmmc_data_done_waiter+0x64>)
   8:	3c01      	subs	r4, #1
   a:	d102      	bne.n	12 <alt_sdmmc_data_done_waiter+0x12>
   c:	f06f 010b 	mvn.w	r1, #11
  10:	e016      	b.n	40 <alt_sdmmc_data_done_waiter+0x40>
  12:	682f      	ldr	r7, [r5, #0]
  14:	f7ff fffe 	bl	0 <alt_sdmmc_data_done_waiter>
  18:	b948      	cbnz	r0, 16 <alt_sdmmc_data_done_waiter+0x16>
  1a:	f7ff fffe 	bl	0 <alt_sdmmc_data_done_waiter>
  1e:	2801      	cmp	r0, #1
  20:	d108      	bne.n	34 <alt_sdmmc_data_done_waiter+0x34>
  22:	6833      	ldr	r3, [r6, #0]
  24:	059a      	lsls	r2, r3, #22
  26:	d505      	bpl.n	34 <alt_sdmmc_data_done_waiter+0x34>
  28:	480f      	ldr	r0, [pc, #60]	; (68 <alt_sdmmc_data_done_waiter+0x68>)
  2a:	f7ff fffe 	bl	0 <puts>
  2e:	f04f 31ff 	mov.w	r1, #4294967295	; 0xffffffff
  32:	e005      	b.n	40 <alt_sdmmc_data_done_waiter+0x40>
  34:	073b      	lsls	r3, r7, #28
  36:	d5e7      	bpl.n	8 <alt_sdmmc_data_done_waiter+0x8>
  38:	4b0c      	ldr	r3, [pc, #48]	; (6c <alt_sdmmc_data_done_waiter+0x6c>)
  3a:	2100      	movs	r1, #0
  3c:	2208      	movs	r2, #8
  3e:	601a      	str	r2, [r3, #0]
  40:	4c06      	ldr	r4, [pc, #24]	; (5c <alt_sdmmc_data_done_waiter+0x5c>)
  42:	f7ff fffe 	bl	0 <alt_sdmmc_data_done_waiter>
  46:	b930      	cbnz	r0, 56 <alt_sdmmc_data_done_waiter+0x56>
  48:	3c01      	subs	r4, #1
  4a:	d1fa      	bne.n	42 <alt_sdmmc_data_done_waiter+0x42>
  4c:	4808      	ldr	r0, [pc, #32]	; (70 <alt_sdmmc_data_done_waiter+0x70>)
  4e:	f7ff fffe 	bl	0 <puts>
  52:	f06f 010b 	mvn.w	r1, #11
  56:	4608      	mov	r0, r1
  58:	bdf8      	pop	{r3, r4, r5, r6, r7, pc}
  5a:	bf00      	nop
  5c:	000f4240 	.word	0x000f4240
  60:	ff704040 	.word	0xff704040
  64:	ff70408c 	.word	0xff70408c
  68:	00000000 	.word	0x00000000
  6c:	ff704044 	.word	0xff704044
  70:	00000019 	.word	0x00000019

Disassembly of section .text.alt_sdmmc_dma_int_status_get:

00000000 <alt_sdmmc_dma_int_status_get>:
   0:	4b01      	ldr	r3, [pc, #4]	; (8 <alt_sdmmc_dma_int_status_get+0x8>)
   2:	6818      	ldr	r0, [r3, #0]
   4:	4770      	bx	lr
   6:	bf00      	nop
   8:	ff70408c 	.word	0xff70408c

Disassembly of section .text.alt_sdmmc_dma_int_mask_get:

00000000 <alt_sdmmc_dma_int_mask_get>:
   0:	4b01      	ldr	r3, [pc, #4]	; (8 <alt_sdmmc_dma_int_mask_get+0x8>)
   2:	6818      	ldr	r0, [r3, #0]
   4:	4770      	bx	lr
   6:	bf00      	nop
   8:	ff704090 	.word	0xff704090

Disassembly of section .text.alt_sdmmc_dma_int_clear:

00000000 <alt_sdmmc_dma_int_clear>:
   0:	4b01      	ldr	r3, [pc, #4]	; (8 <alt_sdmmc_dma_int_clear+0x8>)
   2:	6018      	str	r0, [r3, #0]
   4:	2000      	movs	r0, #0
   6:	4770      	bx	lr
   8:	ff70408c 	.word	0xff70408c

Disassembly of section .text.alt_sdmmc_dma_int_disable:

00000000 <alt_sdmmc_dma_int_disable>:
   0:	4a03      	ldr	r2, [pc, #12]	; (10 <alt_sdmmc_dma_int_disable+0x10>)
   2:	6813      	ldr	r3, [r2, #0]
   4:	ea23 0000 	bic.w	r0, r3, r0
   8:	6010      	str	r0, [r2, #0]
   a:	2000      	movs	r0, #0
   c:	4770      	bx	lr
   e:	bf00      	nop
  10:	ff704090 	.word	0xff704090

Disassembly of section .text.alt_sdmmc_dma_int_enable:

00000000 <alt_sdmmc_dma_int_enable>:
   0:	4a02      	ldr	r2, [pc, #8]	; (c <alt_sdmmc_dma_int_enable+0xc>)
   2:	6813      	ldr	r3, [r2, #0]
   4:	4318      	orrs	r0, r3
   6:	6010      	str	r0, [r2, #0]
   8:	2000      	movs	r0, #0
   a:	4770      	bx	lr
   c:	ff704090 	.word	0xff704090

Disassembly of section .text.alt_sdmmc_poll_demand_set:

00000000 <alt_sdmmc_poll_demand_set>:
   0:	4b01      	ldr	r3, [pc, #4]	; (8 <alt_sdmmc_poll_demand_set+0x8>)
   2:	6018      	str	r0, [r3, #0]
   4:	2000      	movs	r0, #0
   6:	4770      	bx	lr
   8:	ff704084 	.word	0xff704084

Disassembly of section .text.alt_sdmmc_card_rd_threshold_disable:

00000000 <alt_sdmmc_card_rd_threshold_disable>:
   0:	4a03      	ldr	r2, [pc, #12]	; (10 <alt_sdmmc_card_rd_threshold_disable+0x10>)
   2:	2000      	movs	r0, #0
   4:	6813      	ldr	r3, [r2, #0]
   6:	f023 0301 	bic.w	r3, r3, #1
   a:	6013      	str	r3, [r2, #0]
   c:	4770      	bx	lr
   e:	bf00      	nop
  10:	ff704100 	.word	0xff704100

Disassembly of section .text.alt_sdmmc_card_rd_threshold_enable:

00000000 <alt_sdmmc_card_rd_threshold_enable>:
   0:	4b06      	ldr	r3, [pc, #24]	; (1c <alt_sdmmc_card_rd_threshold_enable+0x1c>)
   2:	4a07      	ldr	r2, [pc, #28]	; (20 <alt_sdmmc_card_rd_threshold_enable+0x20>)
   4:	ea03 4000 	and.w	r0, r3, r0, lsl #16
   8:	6811      	ldr	r1, [r2, #0]
   a:	4b06      	ldr	r3, [pc, #24]	; (24 <alt_sdmmc_card_rd_threshold_enable+0x24>)
   c:	400b      	ands	r3, r1
   e:	f043 0301 	orr.w	r3, r3, #1
  12:	4318      	orrs	r0, r3
  14:	6010      	str	r0, [r2, #0]
  16:	2000      	movs	r0, #0
  18:	4770      	bx	lr
  1a:	bf00      	nop
  1c:	0fff0000 	.word	0x0fff0000
  20:	ff704100 	.word	0xff704100
  24:	f000fffe 	.word	0xf000fffe

Disassembly of section .text.alt_sdmmc_command_send:

00000000 <alt_sdmmc_command_send>:
   0:	e92d 45f8 	stmdb	sp!, {r3, r4, r5, r6, r7, r8, sl, lr}
   4:	460d      	mov	r5, r1
   6:	4617      	mov	r7, r2
   8:	461e      	mov	r6, r3
   a:	b140      	cbz	r0, 1e <alt_sdmmc_command_send+0x1e>
   c:	2801      	cmp	r0, #1
   e:	d01c      	beq.n	4a <alt_sdmmc_command_send+0x4a>
  10:	4843      	ldr	r0, [pc, #268]	; (120 <alt_sdmmc_command_send+0x120>)
  12:	f7ff fffe 	bl	0 <puts>
  16:	f06f 0008 	mvn.w	r0, #8
  1a:	e8bd 85f8 	ldmia.w	sp!, {r3, r4, r5, r6, r7, r8, sl, pc}
  1e:	4b41      	ldr	r3, [pc, #260]	; (124 <alt_sdmmc_command_send+0x124>)
  20:	2210      	movs	r2, #16
  22:	1c69      	adds	r1, r5, #1
  24:	d041      	beq.n	aa <alt_sdmmc_command_send+0xaa>
  26:	eb03 0282 	add.w	r2, r3, r2, lsl #2
  2a:	2400      	movs	r4, #0
  2c:	7819      	ldrb	r1, [r3, #0]
  2e:	f001 013f 	and.w	r1, r1, #63	; 0x3f
  32:	428d      	cmp	r5, r1
  34:	bf08      	it	eq
  36:	461c      	moveq	r4, r3
  38:	f103 0304 	add.w	r3, r3, #4
  3c:	bf14      	ite	ne
  3e:	2100      	movne	r1, #0
  40:	2101      	moveq	r1, #1
  42:	4293      	cmp	r3, r2
  44:	d104      	bne.n	50 <alt_sdmmc_command_send+0x50>
  46:	b929      	cbnz	r1, 54 <alt_sdmmc_command_send+0x54>
  48:	e7e5      	b.n	16 <alt_sdmmc_command_send+0x16>
  4a:	4b37      	ldr	r3, [pc, #220]	; (128 <alt_sdmmc_command_send+0x128>)
  4c:	2204      	movs	r2, #4
  4e:	e7e8      	b.n	22 <alt_sdmmc_command_send+0x22>
  50:	2900      	cmp	r1, #0
  52:	d0eb      	beq.n	2c <alt_sdmmc_command_send+0x2c>
  54:	7863      	ldrb	r3, [r4, #1]
  56:	069b      	lsls	r3, r3, #26
  58:	d429      	bmi.n	ae <alt_sdmmc_command_send+0xae>
  5a:	7863      	ldrb	r3, [r4, #1]
  5c:	0798      	lsls	r0, r3, #30
  5e:	d42e      	bmi.n	be <alt_sdmmc_command_send+0xbe>
  60:	f241 1107 	movw	r1, #4359	; 0x1107
  64:	f8df a0e0 	ldr.w	sl, [pc, #224]	; 148 <alt_sdmmc_command_send+0x148>
  68:	f8df 80e0 	ldr.w	r8, [pc, #224]	; 14c <alt_sdmmc_command_send+0x14c>
  6c:	4650      	mov	r0, sl
  6e:	f7ff fffe 	bl	0 <alt_sdmmc_command_send>
  72:	f8c8 a000 	str.w	sl, [r8]
  76:	4608      	mov	r0, r1
  78:	f7ff fffe 	bl	0 <alt_sdmmc_command_send>
  7c:	4b2b      	ldr	r3, [pc, #172]	; (12c <alt_sdmmc_command_send+0x12c>)
  7e:	2200      	movs	r2, #0
  80:	4621      	mov	r1, r4
  82:	4628      	mov	r0, r5
  84:	601f      	str	r7, [r3, #0]
  86:	f7ff fffe 	bl	0 <alt_sdmmc_command_send>
  8a:	4621      	mov	r1, r4
  8c:	2201      	movs	r2, #1
  8e:	4628      	mov	r0, r5
  90:	f7ff fffe 	bl	0 <alt_sdmmc_command_send>
  94:	78a3      	ldrb	r3, [r4, #2]
  96:	0699      	lsls	r1, r3, #26
  98:	d527      	bpl.n	ea <alt_sdmmc_command_send+0xea>
  9a:	4c25      	ldr	r4, [pc, #148]	; (130 <alt_sdmmc_command_send+0x130>)
  9c:	4d25      	ldr	r5, [pc, #148]	; (134 <alt_sdmmc_command_send+0x134>)
  9e:	3c01      	subs	r4, #1
  a0:	d116      	bne.n	d0 <alt_sdmmc_command_send+0xd0>
  a2:	f06f 000b 	mvn.w	r0, #11
  a6:	e8bd 85f8 	ldmia.w	sp!, {r3, r4, r5, r6, r7, r8, sl, pc}
  aa:	4c23      	ldr	r4, [pc, #140]	; (138 <alt_sdmmc_command_send+0x138>)
  ac:	e7d2      	b.n	54 <alt_sdmmc_command_send+0x54>
  ae:	4a23      	ldr	r2, [pc, #140]	; (13c <alt_sdmmc_command_send+0x13c>)
  b0:	f7ff fffe 	bl	0 <alt_sdmmc_command_send>
  b4:	2800      	cmp	r0, #0
  b6:	d0d0      	beq.n	5a <alt_sdmmc_command_send+0x5a>
  b8:	3a01      	subs	r2, #1
  ba:	d1f9      	bne.n	b0 <alt_sdmmc_command_send+0xb0>
  bc:	e7cd      	b.n	5a <alt_sdmmc_command_send+0x5a>
  be:	f013 0f04 	tst.w	r3, #4
  c2:	f649 53df 	movw	r3, #40415	; 0x9ddf
  c6:	f64b 51ef 	movw	r1, #48623	; 0xbdef
  ca:	bf18      	it	ne
  cc:	4619      	movne	r1, r3
  ce:	e7c9      	b.n	64 <alt_sdmmc_command_send+0x64>
  d0:	682e      	ldr	r6, [r5, #0]
  d2:	f7ff fffe 	bl	0 <alt_sdmmc_command_send>
  d6:	b118      	cbz	r0, e0 <alt_sdmmc_command_send+0xe0>
  d8:	f04f 30ff 	mov.w	r0, #4294967295	; 0xffffffff
  dc:	e8bd 85f8 	ldmia.w	sp!, {r3, r4, r5, r6, r7, r8, sl, pc}
  e0:	2e00      	cmp	r6, #0
  e2:	dbdc      	blt.n	9e <alt_sdmmc_command_send+0x9e>
  e4:	2000      	movs	r0, #0
  e6:	e8bd 85f8 	ldmia.w	sp!, {r3, r4, r5, r6, r7, r8, sl, pc}
  ea:	f7ff fffe 	bl	0 <alt_sdmmc_command_send>
  ee:	b140      	cbz	r0, 102 <alt_sdmmc_command_send+0x102>
  f0:	7863      	ldrb	r3, [r4, #1]
  f2:	079a      	lsls	r2, r3, #30
  f4:	d505      	bpl.n	102 <alt_sdmmc_command_send+0x102>
  f6:	2e00      	cmp	r6, #0
  f8:	d0f4      	beq.n	e4 <alt_sdmmc_command_send+0xe4>
  fa:	4b11      	ldr	r3, [pc, #68]	; (140 <alt_sdmmc_command_send+0x140>)
  fc:	681b      	ldr	r3, [r3, #0]
  fe:	6033      	str	r3, [r6, #0]
 100:	e7f0      	b.n	e4 <alt_sdmmc_command_send+0xe4>
 102:	4c0b      	ldr	r4, [pc, #44]	; (130 <alt_sdmmc_command_send+0x130>)
 104:	4d0f      	ldr	r5, [pc, #60]	; (144 <alt_sdmmc_command_send+0x144>)
 106:	3c01      	subs	r4, #1
 108:	d0cb      	beq.n	a2 <alt_sdmmc_command_send+0xa2>
 10a:	682f      	ldr	r7, [r5, #0]
 10c:	f7ff fffe 	bl	0 <alt_sdmmc_command_send>
 110:	2800      	cmp	r0, #0
 112:	d1e1      	bne.n	d8 <alt_sdmmc_command_send+0xd8>
 114:	077b      	lsls	r3, r7, #29
 116:	d5f6      	bpl.n	106 <alt_sdmmc_command_send+0x106>
 118:	2304      	movs	r3, #4
 11a:	f8c8 3000 	str.w	r3, [r8]
 11e:	e7ea      	b.n	ffffffd8 <alt_sdmmc_is_busy+0xffffffd8>
	...
 12c:	ff704028 	.word	0xff704028
 130:	000f4240 	.word	0x000f4240
 134:	ff70402c 	.word	0xff70402c
 138:	00000000 	.word	0x00000000
 13c:	000f4241 	.word	0x000f4241
 140:	ff704030 	.word	0xff704030
 144:	ff704040 	.word	0xff704040
 148:	0001ffff 	.word	0x0001ffff
 14c:	ff704044 	.word	0xff704044

Disassembly of section .text.alt_sdmmc_card_clk_disable:

00000000 <alt_sdmmc_card_clk_disable>:
   0:	b510      	push	{r4, lr}
   2:	f7ff fffe 	bl	0 <alt_sdmmc_card_clk_disable>
   6:	2801      	cmp	r0, #1
   8:	d00a      	beq.n	20 <alt_sdmmc_card_clk_disable+0x20>
   a:	4a07      	ldr	r2, [pc, #28]	; (28 <alt_sdmmc_card_clk_disable+0x28>)
   c:	2300      	movs	r3, #0
   e:	f04f 31ff 	mov.w	r1, #4294967295	; 0xffffffff
  12:	4618      	mov	r0, r3
  14:	e8bd 4010 	ldmia.w	sp!, {r4, lr}
  18:	6013      	str	r3, [r2, #0]
  1a:	461a      	mov	r2, r3
  1c:	f7ff bffe 	b.w	0 <alt_sdmmc_card_clk_disable>
  20:	f04f 30ff 	mov.w	r0, #4294967295	; 0xffffffff
  24:	bd10      	pop	{r4, pc}
  26:	bf00      	nop
  28:	ff704010 	.word	0xff704010

Disassembly of section .text.alt_sdmmc_card_clk_enable:

00000000 <alt_sdmmc_card_clk_enable>:
   0:	b510      	push	{r4, lr}
   2:	4602      	mov	r2, r0
   4:	f7ff fffe 	bl	0 <alt_sdmmc_card_clk_enable>
   8:	2801      	cmp	r0, #1
   a:	d00f      	beq.n	2c <alt_sdmmc_card_clk_enable+0x2c>
   c:	0412      	lsls	r2, r2, #16
   e:	4b09      	ldr	r3, [pc, #36]	; (34 <alt_sdmmc_card_clk_enable+0x34>)
  10:	f04f 31ff 	mov.w	r1, #4294967295	; 0xffffffff
  14:	e8bd 4010 	ldmia.w	sp!, {r4, lr}
  18:	f402 3280 	and.w	r2, r2, #65536	; 0x10000
  1c:	f042 0201 	orr.w	r2, r2, #1
  20:	601a      	str	r2, [r3, #0]
  22:	2300      	movs	r3, #0
  24:	461a      	mov	r2, r3
  26:	4618      	mov	r0, r3
  28:	f7ff bffe 	b.w	0 <alt_sdmmc_card_clk_enable>
  2c:	f04f 30ff 	mov.w	r0, #4294967295	; 0xffffffff
  30:	bd10      	pop	{r4, pc}
  32:	bf00      	nop
  34:	ff704010 	.word	0xff704010

Disassembly of section .text.alt_sdmmc_card_clk_div_set:

00000000 <alt_sdmmc_card_clk_div_set>:
   0:	b570      	push	{r4, r5, r6, lr}
   2:	4604      	mov	r4, r0
   4:	f7ff fffe 	bl	0 <alt_sdmmc_card_clk_div_set>
   8:	2801      	cmp	r0, #1
   a:	d01f      	beq.n	4c <alt_sdmmc_card_clk_div_set+0x4c>
   c:	f7ff fffe 	bl	0 <alt_sdmmc_card_clk_div_set>
  10:	4606      	mov	r6, r0
  12:	f7ff fffe 	bl	0 <alt_sdmmc_card_clk_div_set>
  16:	4605      	mov	r5, r0
  18:	b120      	cbz	r0, 24 <alt_sdmmc_card_clk_div_set+0x24>
  1a:	480e      	ldr	r0, [pc, #56]	; (54 <alt_sdmmc_card_clk_div_set+0x54>)
  1c:	f7ff fffe 	bl	0 <puts>
  20:	4628      	mov	r0, r5
  22:	bd70      	pop	{r4, r5, r6, pc}
  24:	2030      	movs	r0, #48	; 0x30
  26:	f7ff fffe 	bl	0 <alt_clk_clock_disable>
  2a:	4b0b      	ldr	r3, [pc, #44]	; (58 <alt_sdmmc_card_clk_div_set+0x58>)
  2c:	b964      	cbnz	r4, 48 <alt_sdmmc_card_clk_div_set+0x48>
  2e:	2212      	movs	r2, #18
  30:	601a      	str	r2, [r3, #0]
  32:	2030      	movs	r0, #48	; 0x30
  34:	f7ff fffe 	bl	0 <alt_clk_clock_enable>
  38:	4b08      	ldr	r3, [pc, #32]	; (5c <alt_sdmmc_card_clk_div_set+0x5c>)
  3a:	b2e4      	uxtb	r4, r4
  3c:	4630      	mov	r0, r6
  3e:	601c      	str	r4, [r3, #0]
  40:	e8bd 4070 	ldmia.w	sp!, {r4, r5, r6, lr}
  44:	f7ff bffe 	b.w	0 <alt_sdmmc_card_clk_div_set>
  48:	2224      	movs	r2, #36	; 0x24
  4a:	e7f1      	b.n	30 <alt_sdmmc_card_clk_div_set+0x30>
  4c:	f04f 35ff 	mov.w	r5, #4294967295	; 0xffffffff
  50:	e7e6      	b.n	20 <alt_sdmmc_card_clk_div_set+0x20>
  52:	bf00      	nop
  54:	00000000 	.word	0x00000000
  58:	ffd08108 	.word	0xffd08108
  5c:	ff704008 	.word	0xff704008

Disassembly of section .text.alt_sdmmc_card_bus_width_set:

00000000 <alt_sdmmc_card_bus_width_set>:
   0:	b538      	push	{r3, r4, r5, lr}
   2:	460c      	mov	r4, r1
   4:	6a83      	ldr	r3, [r0, #40]	; 0x28
   6:	4219      	tst	r1, r3
   8:	d020      	beq.n	4c <alt_sdmmc_card_bus_width_set+0x4c>
   a:	2904      	cmp	r1, #4
   c:	d005      	beq.n	1a <alt_sdmmc_card_bus_width_set+0x1a>
   e:	2908      	cmp	r1, #8
  10:	d01a      	beq.n	48 <alt_sdmmc_card_bus_width_set+0x48>
  12:	2901      	cmp	r1, #1
  14:	d11a      	bne.n	4c <alt_sdmmc_card_bus_width_set+0x4c>
  16:	2500      	movs	r5, #0
  18:	e000      	b.n	1c <alt_sdmmc_card_bus_width_set+0x1c>
  1a:	2502      	movs	r5, #2
  1c:	4a0d      	ldr	r2, [pc, #52]	; (54 <alt_sdmmc_card_bus_width_set+0x54>)
  1e:	2300      	movs	r3, #0
  20:	2137      	movs	r1, #55	; 0x37
  22:	4618      	mov	r0, r3
  24:	6812      	ldr	r2, [r2, #0]
  26:	f7ff fffe 	bl	0 <alt_sdmmc_card_bus_width_set>
  2a:	4601      	mov	r1, r0
  2c:	b950      	cbnz	r0, 44 <alt_sdmmc_card_bus_width_set+0x44>
  2e:	4603      	mov	r3, r0
  30:	2106      	movs	r1, #6
  32:	462a      	mov	r2, r5
  34:	2001      	movs	r0, #1
  36:	f7ff fffe 	bl	0 <alt_sdmmc_card_bus_width_set>
  3a:	4601      	mov	r1, r0
  3c:	b910      	cbnz	r0, 44 <alt_sdmmc_card_bus_width_set+0x44>
  3e:	4620      	mov	r0, r4
  40:	f7ff fffe 	bl	0 <alt_sdmmc_card_bus_width_set>
  44:	4608      	mov	r0, r1
  46:	bd38      	pop	{r3, r4, r5, pc}
  48:	2503      	movs	r5, #3
  4a:	e7e7      	b.n	1c <alt_sdmmc_card_bus_width_set+0x1c>
  4c:	f06f 0108 	mvn.w	r1, #8
  50:	e7f8      	b.n	44 <alt_sdmmc_card_bus_width_set+0x44>
  52:	bf00      	nop
  54:	00000000 	.word	0x00000000

Disassembly of section .text.alt_sdmmc_card_block_size_set:

00000000 <alt_sdmmc_card_block_size_set>:
   0:	b538      	push	{r3, r4, r5, lr}
   2:	2300      	movs	r3, #0
   4:	4602      	mov	r2, r0
   6:	4605      	mov	r5, r0
   8:	2110      	movs	r1, #16
   a:	4618      	mov	r0, r3
   c:	f7ff fffe 	bl	0 <alt_sdmmc_card_block_size_set>
  10:	4604      	mov	r4, r0
  12:	b120      	cbz	r0, 1e <alt_sdmmc_card_block_size_set+0x1e>
  14:	4804      	ldr	r0, [pc, #16]	; (28 <alt_sdmmc_card_block_size_set+0x28>)
  16:	f7ff fffe 	bl	0 <puts>
  1a:	4620      	mov	r0, r4
  1c:	bd38      	pop	{r3, r4, r5, pc}
  1e:	4628      	mov	r0, r5
  20:	f7ff fffe 	bl	0 <alt_sdmmc_card_block_size_set>
  24:	e7f9      	b.n	1a <alt_sdmmc_card_block_size_set+0x1a>
  26:	bf00      	nop
  28:	00000000 	.word	0x00000000

Disassembly of section .text.alt_cache_system_purge:

00000000 <alt_cache_system_purge>:
   0:	2000      	movs	r0, #0
   2:	4770      	bx	lr

Disassembly of section .text.alt_sdmmc_reset:

00000000 <alt_sdmmc_reset>:
   0:	b5f7      	push	{r0, r1, r2, r4, r5, r6, r7, lr}
   2:	f7ff fffe 	bl	0 <alt_sdmmc_reset>
   6:	4605      	mov	r5, r0
   8:	2800      	cmp	r0, #0
   a:	d151      	bne.n	b0 <alt_sdmmc_reset+0xb0>
   c:	f44f 5300 	mov.w	r3, #8192	; 0x2000
  10:	9301      	str	r3, [sp, #4]
  12:	f5a3 133f 	sub.w	r3, r3, #3129344	; 0x2fc000
  16:	f6a3 73ec 	subw	r3, r3, #4076	; 0xfec
  1a:	681a      	ldr	r2, [r3, #0]
  1c:	f442 0280 	orr.w	r2, r2, #4194304	; 0x400000
  20:	601a      	str	r2, [r3, #0]
  22:	461a      	mov	r2, r3
  24:	9b01      	ldr	r3, [sp, #4]
  26:	1e59      	subs	r1, r3, #1
  28:	9101      	str	r1, [sp, #4]
  2a:	2b00      	cmp	r3, #0
  2c:	d1fa      	bne.n	24 <alt_sdmmc_reset+0x24>
  2e:	6811      	ldr	r1, [r2, #0]
  30:	f421 0180 	bic.w	r1, r1, #4194304	; 0x400000
  34:	6011      	str	r1, [r2, #0]
  36:	4619      	mov	r1, r3
  38:	2d00      	cmp	r5, #0
  3a:	d041      	beq.n	c0 <alt_sdmmc_reset+0xc0>
  3c:	f7ff fffe 	bl	0 <alt_sdmmc_reset>
  40:	4604      	mov	r4, r0
  42:	4b20      	ldr	r3, [pc, #128]	; (c4 <alt_sdmmc_reset+0xc4>)
  44:	4820      	ldr	r0, [pc, #128]	; (c8 <alt_sdmmc_reset+0xc8>)
  46:	6019      	str	r1, [r3, #0]
  48:	2100      	movs	r1, #0
  4a:	460f      	mov	r7, r1
  4c:	4606      	mov	r6, r0
  4e:	010a      	lsls	r2, r1, #4
  50:	297f      	cmp	r1, #127	; 0x7f
  52:	f101 0101 	add.w	r1, r1, #1
  56:	eb00 0302 	add.w	r3, r0, r2
  5a:	78dd      	ldrb	r5, [r3, #3]
  5c:	f36f 15c7 	bfc	r5, #7, #1
  60:	70dd      	strb	r5, [r3, #3]
  62:	5c85      	ldrb	r5, [r0, r2]
  64:	f045 0510 	orr.w	r5, r5, #16
  68:	f36f 1545 	bfc	r5, #5, #1
  6c:	5485      	strb	r5, [r0, r2]
  6e:	bf18      	it	ne
  70:	3210      	addne	r2, #16
  72:	889d      	ldrh	r5, [r3, #4]
  74:	bf16      	itet	ne
  76:	1812      	addne	r2, r2, r0
  78:	60d8      	streq	r0, [r3, #12]
  7a:	60da      	strne	r2, [r3, #12]
  7c:	2980      	cmp	r1, #128	; 0x80
  7e:	f36f 050c 	bfc	r5, #0, #13
  82:	609f      	str	r7, [r3, #8]
  84:	809d      	strh	r5, [r3, #4]
  86:	d1e2      	bne.n	4e <alt_sdmmc_reset+0x4e>
  88:	4b10      	ldr	r3, [pc, #64]	; (cc <alt_sdmmc_reset+0xcc>)
  8a:	f44f 6100 	mov.w	r1, #2048	; 0x800
  8e:	480e      	ldr	r0, [pc, #56]	; (c8 <alt_sdmmc_reset+0xc8>)
  90:	601e      	str	r6, [r3, #0]
  92:	f7ff fffe 	bl	0 <alt_sdmmc_reset>
  96:	b984      	cbnz	r4, ba <alt_sdmmc_reset+0xba>
  98:	4b0d      	ldr	r3, [pc, #52]	; (d0 <alt_sdmmc_reset+0xd0>)
  9a:	2201      	movs	r2, #1
  9c:	4620      	mov	r0, r4
  9e:	f04f 31ff 	mov.w	r1, #4294967295	; 0xffffffff
  a2:	601a      	str	r2, [r3, #0]
  a4:	4623      	mov	r3, r4
  a6:	4622      	mov	r2, r4
  a8:	f7ff fffe 	bl	0 <alt_sdmmc_reset>
  ac:	4604      	mov	r4, r0
  ae:	e004      	b.n	ba <alt_sdmmc_reset+0xba>
  b0:	f7ff fffe 	bl	0 <alt_sdmmc_reset>
  b4:	4604      	mov	r4, r0
  b6:	2800      	cmp	r0, #0
  b8:	d0a8      	beq.n	c <alt_sdmmc_reset+0xc>
  ba:	4620      	mov	r0, r4
  bc:	b003      	add	sp, #12
  be:	bdf0      	pop	{r4, r5, r6, r7, pc}
  c0:	461c      	mov	r4, r3
  c2:	e7be      	b.n	42 <alt_sdmmc_reset+0x42>
	...
  d0:	ff704010 	.word	0xff704010

Disassembly of section .text.alt_sdmmc_init:

00000000 <alt_sdmmc_init>:
   0:	b508      	push	{r3, lr}
   2:	2030      	movs	r0, #48	; 0x30
   4:	f7ff fffe 	bl	0 <alt_clk_is_enabled>
   8:	2801      	cmp	r0, #1
   a:	d108      	bne.n	1e <alt_sdmmc_init+0x1e>
   c:	4905      	ldr	r1, [pc, #20]	; (24 <alt_sdmmc_init+0x24>)
   e:	2030      	movs	r0, #48	; 0x30
  10:	f7ff fffe 	bl	0 <alt_clk_freq_get>
  14:	b928      	cbnz	r0, 22 <alt_sdmmc_init+0x22>
  16:	e8bd 4008 	ldmia.w	sp!, {r3, lr}
  1a:	f7ff bffe 	b.w	0 <alt_sdmmc_init>
  1e:	f06f 000d 	mvn.w	r0, #13
  22:	bd08      	pop	{r3, pc}
  24:	00000000 	.word	0x00000000

Disassembly of section .text.alt_sdmmc_desc_chain_clear:

00000000 <alt_sdmmc_desc_chain_clear>:
   0:	4a0e      	ldr	r2, [pc, #56]	; (3c <alt_sdmmc_desc_chain_clear+0x3c>)
   2:	2100      	movs	r1, #0
   4:	b410      	push	{r4}
   6:	460c      	mov	r4, r1
   8:	1853      	adds	r3, r2, r1
   a:	78d8      	ldrb	r0, [r3, #3]
   c:	f36f 10c7 	bfc	r0, #7, #1
  10:	70d8      	strb	r0, [r3, #3]
  12:	5c50      	ldrb	r0, [r2, r1]
  14:	f000 00f9 	and.w	r0, r0, #249	; 0xf9
  18:	f36f 00c3 	bfc	r0, #3, #1
  1c:	5450      	strb	r0, [r2, r1]
  1e:	3110      	adds	r1, #16
  20:	8898      	ldrh	r0, [r3, #4]
  22:	f5b1 6f00 	cmp.w	r1, #2048	; 0x800
  26:	609c      	str	r4, [r3, #8]
  28:	f36f 000c 	bfc	r0, #0, #13
  2c:	8098      	strh	r0, [r3, #4]
  2e:	d1eb      	bne.n	8 <alt_sdmmc_desc_chain_clear+0x8>
  30:	4b03      	ldr	r3, [pc, #12]	; (40 <alt_sdmmc_desc_chain_clear+0x40>)
  32:	4802      	ldr	r0, [pc, #8]	; (3c <alt_sdmmc_desc_chain_clear+0x3c>)
  34:	bc10      	pop	{r4}
  36:	601a      	str	r2, [r3, #0]
  38:	f7ff bffe 	b.w	0 <alt_sdmmc_desc_chain_clear>
	...

Disassembly of section .text.alt_sdmmc_uninit:

00000000 <alt_sdmmc_uninit>:
   0:	b508      	push	{r3, lr}
   2:	f7ff fffe 	bl	0 <alt_sdmmc_uninit>
   6:	f7ff fffe 	bl	0 <alt_sdmmc_uninit>
   a:	b920      	cbnz	r0, 16 <alt_sdmmc_uninit+0x16>
   c:	4a02      	ldr	r2, [pc, #8]	; (18 <alt_sdmmc_uninit+0x18>)
   e:	6813      	ldr	r3, [r2, #0]
  10:	f443 0380 	orr.w	r3, r3, #4194304	; 0x400000
  14:	6013      	str	r3, [r2, #0]
  16:	bd08      	pop	{r3, pc}
  18:	ffd05014 	.word	0xffd05014

Disassembly of section .text.alt_sdmmc_dma_trans_helper:

00000000 <alt_sdmmc_dma_trans_helper>:
   0:	e92d 45f8 	stmdb	sp!, {r3, r4, r5, r6, r7, r8, sl, lr}
   4:	460e      	mov	r6, r1
   6:	4b25      	ldr	r3, [pc, #148]	; (9c <alt_sdmmc_dma_trans_helper+0x9c>)
   8:	4682      	mov	sl, r0
   a:	460c      	mov	r4, r1
   c:	4f24      	ldr	r7, [pc, #144]	; (a0 <alt_sdmmc_dma_trans_helper+0xa0>)
   e:	681d      	ldr	r5, [r3, #0]
  10:	f8df 8094 	ldr.w	r8, [pc, #148]	; a8 <alt_sdmmc_dma_trans_helper+0xa8>
  14:	b914      	cbnz	r4, 1c <alt_sdmmc_dma_trans_helper+0x1c>
  16:	4620      	mov	r0, r4
  18:	e8bd 85f8 	ldmia.w	sp!, {r3, r4, r5, r6, r7, r8, sl, pc}
  1c:	f7ff fffe 	bl	0 <alt_sdmmc_dma_trans_helper>
  20:	b118      	cbz	r0, 2a <alt_sdmmc_dma_trans_helper+0x2a>
  22:	f04f 30ff 	mov.w	r0, #4294967295	; 0xffffffff
  26:	e8bd 85f8 	ldmia.w	sp!, {r3, r4, r5, r6, r7, r8, sl, pc}
  2a:	f995 3003 	ldrsb.w	r3, [r5, #3]
  2e:	2b00      	cmp	r3, #0
  30:	db21      	blt.n	76 <alt_sdmmc_dma_trans_helper+0x76>
  32:	782b      	ldrb	r3, [r5, #0]
  34:	f5b4 7f00 	cmp.w	r4, #512	; 0x200
  38:	eba4 0006 	sub.w	r0, r4, r6
  3c:	4622      	mov	r2, r4
  3e:	bf28      	it	cs
  40:	f44f 7200 	movcs.w	r2, #512	; 0x200
  44:	4241      	negs	r1, r0
  46:	4141      	adcs	r1, r0
  48:	f043 0302 	orr.w	r3, r3, #2
  4c:	f361 03c3 	bfi	r3, r1, #3, #1
  50:	88a9      	ldrh	r1, [r5, #4]
  52:	1aa4      	subs	r4, r4, r2
  54:	f8c5 a008 	str.w	sl, [r5, #8]
  58:	4492      	add	sl, r2
  5a:	f362 010c 	bfi	r1, r2, #0, #13
  5e:	bf0c      	ite	eq
  60:	2201      	moveq	r2, #1
  62:	2200      	movne	r2, #0
  64:	80a9      	strh	r1, [r5, #4]
  66:	f362 0382 	bfi	r3, r2, #2, #1
  6a:	702b      	strb	r3, [r5, #0]
  6c:	78eb      	ldrb	r3, [r5, #3]
  6e:	f043 0380 	orr.w	r3, r3, #128	; 0x80
  72:	70eb      	strb	r3, [r5, #3]
  74:	68ed      	ldr	r5, [r5, #12]
  76:	f44f 6100 	mov.w	r1, #2048	; 0x800
  7a:	480a      	ldr	r0, [pc, #40]	; (2c <alt_sdmmc_dma_trans_helper+0x2c>)
  7c:	f7ff fffe 	bl	0 <alt_sdmmc_dma_trans_helper>
  80:	683b      	ldr	r3, [r7, #0]
  82:	06da      	lsls	r2, r3, #27
  84:	d506      	bpl.n	94 <alt_sdmmc_dma_trans_helper+0x94>
  86:	f240 3337 	movw	r3, #823	; 0x337
  8a:	603b      	str	r3, [r7, #0]
  8c:	2301      	movs	r3, #1
  8e:	f8c8 3000 	str.w	r3, [r8]
  92:	e7bf      	b.n	14 <alt_sdmmc_dma_trans_helper+0x14>
  94:	059b      	lsls	r3, r3, #22
  96:	d4c4      	bmi.n	22 <alt_sdmmc_dma_trans_helper+0x22>
  98:	e7bc      	b.n	14 <alt_sdmmc_dma_trans_helper+0x14>
  9a:	bf00      	nop
  9c:	00000000 	.word	0x00000000
  a0:	ff70408c 	.word	0xff70408c
  a4:	00000000 	.word	0x00000000
  a8:	ff704084 	.word	0xff704084

Disassembly of section .text.alt_sdmmc_card_switch_function:

00000000 <alt_sdmmc_card_switch_function>:
   0:	b5f8      	push	{r3, r4, r5, r6, r7, lr}
   2:	4607      	mov	r7, r0
   4:	4b27      	ldr	r3, [pc, #156]	; (a4 <alt_sdmmc_card_switch_function+0xa4>)
   6:	2040      	movs	r0, #64	; 0x40
   8:	460d      	mov	r5, r1
   a:	681e      	ldr	r6, [r3, #0]
   c:	f7ff fffe 	bl	0 <alt_sdmmc_card_switch_function>
  10:	4b25      	ldr	r3, [pc, #148]	; (a8 <alt_sdmmc_card_switch_function+0xa8>)
  12:	681a      	ldr	r2, [r3, #0]
  14:	2240      	movs	r2, #64	; 0x40
  16:	601a      	str	r2, [r3, #0]
  18:	f7ff fffe 	bl	0 <alt_sdmmc_card_switch_function>
  1c:	4604      	mov	r4, r0
  1e:	bba0      	cbnz	r0, 8a <alt_sdmmc_card_switch_function+0x8a>
  20:	f7ff fffe 	bl	0 <alt_sdmmc_card_switch_function>
  24:	bb60      	cbnz	r0, 5c <alt_sdmmc_card_switch_function+0x5c>
  26:	f7ff fffe 	bl	0 <alt_sdmmc_card_switch_function>
  2a:	b180      	cbz	r0, 24 <alt_sdmmc_card_switch_function+0x24>
  2c:	f7ff fffe 	bl	0 <alt_sdmmc_card_switch_function>
  30:	4b1e      	ldr	r3, [pc, #120]	; (ac <alt_sdmmc_card_switch_function+0xac>)
  32:	f240 3037 	movw	r0, #823	; 0x337
  36:	681a      	ldr	r2, [r3, #0]
  38:	4b1d      	ldr	r3, [pc, #116]	; (b0 <alt_sdmmc_card_switch_function+0xb0>)
  3a:	601a      	str	r2, [r3, #0]
  3c:	4a1d      	ldr	r2, [pc, #116]	; (b4 <alt_sdmmc_card_switch_function+0xb4>)
  3e:	6813      	ldr	r3, [r2, #0]
  40:	f423 63ef 	bic.w	r3, r3, #1912	; 0x778
  44:	f023 0306 	bic.w	r3, r3, #6
  48:	6013      	str	r3, [r2, #0]
  4a:	f7ff fffe 	bl	0 <alt_sdmmc_card_switch_function>
  4e:	2300      	movs	r3, #0
  50:	463a      	mov	r2, r7
  52:	2106      	movs	r1, #6
  54:	4618      	mov	r0, r3
  56:	f7ff fffe 	bl	0 <alt_sdmmc_card_switch_function>
  5a:	4604      	mov	r4, r0
  5c:	b9a8      	cbnz	r0, 8a <alt_sdmmc_card_switch_function+0x8a>
  5e:	f7ff fffe 	bl	0 <alt_sdmmc_card_switch_function>
  62:	b1a0      	cbz	r0, 8e <alt_sdmmc_card_switch_function+0x8e>
  64:	2140      	movs	r1, #64	; 0x40
  66:	4628      	mov	r0, r5
  68:	f7ff fffe 	bl	0 <alt_sdmmc_card_switch_function>
  6c:	4604      	mov	r4, r0
  6e:	b960      	cbnz	r0, 8a <alt_sdmmc_card_switch_function+0x8a>
  70:	f7ff fffe 	bl	0 <alt_sdmmc_card_switch_function>
  74:	4604      	mov	r4, r0
  76:	b180      	cbz	r0, 9a <alt_sdmmc_card_switch_function+0x9a>
  78:	480f      	ldr	r0, [pc, #60]	; (b8 <alt_sdmmc_card_switch_function+0xb8>)
  7a:	f7ff fffe 	bl	0 <puts>
  7e:	e004      	b.n	c <alt_sdmmc_card_switch_function+0xc>
  80:	f7ff fffe 	bl	0 <alt_sdmmc_card_switch_function>
  84:	4604      	mov	r4, r0
  86:	2800      	cmp	r0, #0
  88:	d0cd      	beq.n	26 <alt_sdmmc_card_switch_function+0x26>
  8a:	4620      	mov	r0, r4
  8c:	bdf8      	pop	{r3, r4, r5, r6, r7, pc}
  8e:	4622      	mov	r2, r4
  90:	2140      	movs	r1, #64	; 0x40
  92:	4628      	mov	r0, r5
  94:	f7ff fffe 	bl	0 <alt_sdmmc_card_switch_function>
  98:	e7e8      	b.n	6c <alt_sdmmc_card_switch_function+0x6c>
  9a:	b2b0      	uxth	r0, r6
  9c:	f7ff fffe 	bl	0 <alt_sdmmc_card_switch_function>
  a0:	e7f3      	b.n	8a <alt_sdmmc_card_switch_function+0x8a>
  a2:	bf00      	nop
  a4:	ff70401c 	.word	0xff70401c
  a8:	ff704020 	.word	0xff704020
  ac:	00000000 	.word	0x00000000
  b0:	ff704088 	.word	0xff704088
  b4:	ff704080 	.word	0xff704080
  b8:	00000000 	.word	0x00000000

Disassembly of section .text.alt_sdmmc_card_speed_set:

00000000 <alt_sdmmc_card_speed_set>:
   0:	4b36      	ldr	r3, [pc, #216]	; (dc <alt_sdmmc_card_speed_set+0xdc>)
   2:	00c9      	lsls	r1, r1, #3
   4:	b5f0      	push	{r4, r5, r6, r7, lr}
   6:	4607      	mov	r7, r0
   8:	b093      	sub	sp, #76	; 0x4c
   a:	6818      	ldr	r0, [r3, #0]
   c:	f7ff fffe 	bl	0 <__aeabi_uidiv>
  10:	2240      	movs	r2, #64	; 0x40
  12:	4605      	mov	r5, r0
  14:	2100      	movs	r1, #0
  16:	a802      	add	r0, sp, #8
  18:	f7ff fffe 	bl	0 <memset>
  1c:	4b30      	ldr	r3, [pc, #192]	; (e0 <alt_sdmmc_card_speed_set+0xe0>)
  1e:	681c      	ldr	r4, [r3, #0]
  20:	b2e4      	uxtb	r4, r4
  22:	42a5      	cmp	r5, r4
  24:	d057      	beq.n	d6 <alt_sdmmc_card_speed_set+0xd6>
  26:	f7ff fffe 	bl	0 <alt_sdmmc_card_speed_set>
  2a:	bb18      	cbnz	r0, 74 <alt_sdmmc_card_speed_set+0x74>
  2c:	2601      	movs	r6, #1
  2e:	f7ff fffe 	bl	0 <alt_sdmmc_card_speed_set>
  32:	f7ff fffe 	bl	0 <alt_sdmmc_card_speed_set>
  36:	2d00      	cmp	r5, #0
  38:	d137      	bne.n	aa <alt_sdmmc_card_speed_set+0xaa>
  3a:	7dbb      	ldrb	r3, [r7, #22]
  3c:	b38b      	cbz	r3, a2 <alt_sdmmc_card_speed_set+0xa2>
  3e:	a902      	add	r1, sp, #8
  40:	4828      	ldr	r0, [pc, #160]	; (e4 <alt_sdmmc_card_speed_set+0xe4>)
  42:	f7ff fffe 	bl	0 <alt_sdmmc_card_speed_set>
  46:	4604      	mov	r4, r0
  48:	b9c8      	cbnz	r0, 7e <alt_sdmmc_card_speed_set+0x7e>
  4a:	f89d 3018 	ldrb.w	r3, [sp, #24]
  4e:	f003 030f 	and.w	r3, r3, #15
  52:	2b01      	cmp	r3, #1
  54:	d113      	bne.n	7e <alt_sdmmc_card_speed_set+0x7e>
  56:	2308      	movs	r3, #8
  58:	9300      	str	r3, [sp, #0]
  5a:	9b00      	ldr	r3, [sp, #0]
  5c:	b963      	cbnz	r3, 78 <alt_sdmmc_card_speed_set+0x78>
  5e:	4628      	mov	r0, r5
  60:	f7ff fffe 	bl	0 <alt_sdmmc_card_speed_set>
  64:	4604      	mov	r4, r0
  66:	b1b0      	cbz	r0, 96 <alt_sdmmc_card_speed_set+0x96>
  68:	481f      	ldr	r0, [pc, #124]	; (e8 <alt_sdmmc_card_speed_set+0xe8>)
  6a:	f7ff fffe 	bl	0 <puts>
  6e:	4620      	mov	r0, r4
  70:	b013      	add	sp, #76	; 0x4c
  72:	bdf0      	pop	{r4, r5, r6, r7, pc}
  74:	2600      	movs	r6, #0
  76:	e7de      	b.n	36 <alt_sdmmc_card_speed_set+0x36>
  78:	9b00      	ldr	r3, [sp, #0]
  7a:	3b01      	subs	r3, #1
  7c:	e7ec      	b.n	58 <alt_sdmmc_card_speed_set+0x58>
  7e:	481b      	ldr	r0, [pc, #108]	; (ec <alt_sdmmc_card_speed_set+0xec>)
  80:	f7ff fffe 	bl	0 <puts>
  84:	f89d 0018 	ldrb.w	r0, [sp, #24]
  88:	f7ff fffe 	bl	0 <putHexa32>
  8c:	4818      	ldr	r0, [pc, #96]	; (64 <puts+0x64>)
  8e:	f7ff fffe 	bl	0 <puts>
  92:	2c00      	cmp	r4, #0
  94:	d0e3      	beq.n	5e <alt_sdmmc_card_speed_set+0x5e>
  96:	2e00      	cmp	r6, #0
  98:	d0e9      	beq.n	6e <alt_sdmmc_card_speed_set+0x6e>
  9a:	f7ff fffe 	bl	0 <alt_sdmmc_card_speed_set>
  9e:	4604      	mov	r4, r0
  a0:	e7e5      	b.n	6e <alt_sdmmc_card_speed_set+0x6e>
  a2:	4814      	ldr	r0, [pc, #80]	; (f4 <alt_sdmmc_card_speed_set+0xf4>)
  a4:	f7ff fffe 	bl	0 <puts>
  a8:	e7d9      	b.n	5e <alt_sdmmc_card_speed_set+0x5e>
  aa:	2c00      	cmp	r4, #0
  ac:	d1d7      	bne.n	5e <alt_sdmmc_card_speed_set+0x5e>
  ae:	a902      	add	r1, sp, #8
  b0:	4811      	ldr	r0, [pc, #68]	; (f8 <alt_sdmmc_card_speed_set+0xf8>)
  b2:	f7ff fffe 	bl	0 <alt_sdmmc_card_speed_set>
  b6:	4604      	mov	r4, r0
  b8:	b958      	cbnz	r0, d2 <alt_sdmmc_card_speed_set+0xd2>
  ba:	f89d 3018 	ldrb.w	r3, [sp, #24]
  be:	071b      	lsls	r3, r3, #28
  c0:	d107      	bne.n	d2 <alt_sdmmc_card_speed_set+0xd2>
  c2:	2308      	movs	r3, #8
  c4:	9301      	str	r3, [sp, #4]
  c6:	9b01      	ldr	r3, [sp, #4]
  c8:	2b00      	cmp	r3, #0
  ca:	d0c8      	beq.n	5e <alt_sdmmc_card_speed_set+0x5e>
  cc:	9b01      	ldr	r3, [sp, #4]
  ce:	3b01      	subs	r3, #1
  d0:	e7f8      	b.n	c4 <alt_sdmmc_card_speed_set+0xc4>
  d2:	480a      	ldr	r0, [pc, #40]	; (fc <alt_sdmmc_card_speed_set+0xfc>)
  d4:	e7db      	b.n	8e <alt_sdmmc_card_speed_set+0x8e>
  d6:	2400      	movs	r4, #0
  d8:	e7c9      	b.n	6e <alt_sdmmc_card_speed_set+0x6e>
  da:	bf00      	nop
  dc:	00000000 	.word	0x00000000
  e0:	ff704008 	.word	0xff704008
  e4:	80fffff1 	.word	0x80fffff1
  e8:	00000076 	.word	0x00000076
  ec:	00000000 	.word	0x00000000
  f0:	0000001e 	.word	0x0000001e
  f4:	00000037 	.word	0x00000037
  f8:	80fffff0 	.word	0x80fffff0
  fc:	00000053 	.word	0x00000053

Disassembly of section .text.alt_sdmmc_card_enum_sd:

00000000 <alt_sdmmc_card_enum_sd>:
   0:	4bab      	ldr	r3, [pc, #684]	; (2b0 <alt_sdmmc_card_enum_sd+0x2b0>)
   2:	b5f0      	push	{r4, r5, r6, r7, lr}
   4:	b097      	sub	sp, #92	; 0x5c
   6:	4605      	mov	r5, r0
   8:	681a      	ldr	r2, [r3, #0]
   a:	4baa      	ldr	r3, [pc, #680]	; (2b4 <alt_sdmmc_card_enum_sd+0x2b4>)
   c:	0a92      	lsrs	r2, r2, #10
   e:	fba2 2303 	umull	r2, r3, r2, r3
  12:	089c      	lsrs	r4, r3, #2
  14:	2300      	movs	r3, #0
  16:	9300      	str	r3, [sp, #0]
  18:	f7ff fffe 	bl	0 <alt_sdmmc_card_enum_sd>
  1c:	4620      	mov	r0, r4
  1e:	f7ff fffe 	bl	0 <alt_sdmmc_card_enum_sd>
  22:	4604      	mov	r4, r0
  24:	2800      	cmp	r0, #0
  26:	f040 8103 	bne.w	230 <alt_sdmmc_card_enum_sd+0x230>
  2a:	f7ff fffe 	bl	0 <alt_sdmmc_card_enum_sd>
  2e:	4623      	mov	r3, r4
  30:	4622      	mov	r2, r4
  32:	4621      	mov	r1, r4
  34:	4620      	mov	r0, r4
  36:	f7ff fffe 	bl	0 <alt_sdmmc_card_enum_sd>
  3a:	4604      	mov	r4, r0
  3c:	2800      	cmp	r0, #0
  3e:	f040 80f7 	bne.w	230 <alt_sdmmc_card_enum_sd+0x230>
  42:	466b      	mov	r3, sp
  44:	f44f 72d5 	mov.w	r2, #426	; 0x1aa
  48:	2108      	movs	r1, #8
  4a:	f7ff fffe 	bl	0 <alt_sdmmc_card_enum_sd>
  4e:	4604      	mov	r4, r0
  50:	2800      	cmp	r0, #0
  52:	f040 80ed 	bne.w	230 <alt_sdmmc_card_enum_sd+0x230>
  56:	4e98      	ldr	r6, [pc, #608]	; (2b8 <alt_sdmmc_card_enum_sd+0x2b8>)
  58:	4f98      	ldr	r7, [pc, #608]	; (2bc <alt_sdmmc_card_enum_sd+0x2bc>)
  5a:	2200      	movs	r2, #0
  5c:	466b      	mov	r3, sp
  5e:	2137      	movs	r1, #55	; 0x37
  60:	4610      	mov	r0, r2
  62:	9601      	str	r6, [sp, #4]
  64:	f7ff fffe 	bl	0 <alt_sdmmc_card_enum_sd>
  68:	4604      	mov	r4, r0
  6a:	2800      	cmp	r0, #0
  6c:	f040 80e0 	bne.w	230 <alt_sdmmc_card_enum_sd+0x230>
  70:	9b01      	ldr	r3, [sp, #4]
  72:	1e5a      	subs	r2, r3, #1
  74:	9201      	str	r2, [sp, #4]
  76:	2b00      	cmp	r3, #0
  78:	d1fa      	bne.n	70 <alt_sdmmc_card_enum_sd+0x70>
  7a:	466b      	mov	r3, sp
  7c:	463a      	mov	r2, r7
  7e:	2129      	movs	r1, #41	; 0x29
  80:	2001      	movs	r0, #1
  82:	f7ff fffe 	bl	0 <alt_sdmmc_card_enum_sd>
  86:	4604      	mov	r4, r0
  88:	2800      	cmp	r0, #0
  8a:	f040 80d1 	bne.w	230 <alt_sdmmc_card_enum_sd+0x230>
  8e:	9b00      	ldr	r3, [sp, #0]
  90:	2b00      	cmp	r3, #0
  92:	dae2      	bge.n	5a <alt_sdmmc_card_enum_sd+0x5a>
  94:	4603      	mov	r3, r0
  96:	4602      	mov	r2, r0
  98:	2102      	movs	r1, #2
  9a:	f7ff fffe 	bl	0 <alt_sdmmc_card_enum_sd>
  9e:	4604      	mov	r4, r0
  a0:	2800      	cmp	r0, #0
  a2:	f040 80c5 	bne.w	230 <alt_sdmmc_card_enum_sd+0x230>
  a6:	466b      	mov	r3, sp
  a8:	4602      	mov	r2, r0
  aa:	2103      	movs	r1, #3
  ac:	f7ff fffe 	bl	0 <alt_sdmmc_card_enum_sd>
  b0:	4604      	mov	r4, r0
  b2:	2800      	cmp	r0, #0
  b4:	f040 80bc 	bne.w	230 <alt_sdmmc_card_enum_sd+0x230>
  b8:	9a00      	ldr	r2, [sp, #0]
  ba:	4603      	mov	r3, r0
  bc:	4e80      	ldr	r6, [pc, #512]	; (2c0 <alt_sdmmc_card_enum_sd+0x2c0>)
  be:	210a      	movs	r1, #10
  c0:	0c12      	lsrs	r2, r2, #16
  c2:	0412      	lsls	r2, r2, #16
  c4:	6032      	str	r2, [r6, #0]
  c6:	f7ff fffe 	bl	0 <alt_sdmmc_card_enum_sd>
  ca:	4604      	mov	r4, r0
  cc:	2800      	cmp	r0, #0
  ce:	f040 80af 	bne.w	230 <alt_sdmmc_card_enum_sd+0x230>
  d2:	466b      	mov	r3, sp
  d4:	6832      	ldr	r2, [r6, #0]
  d6:	2109      	movs	r1, #9
  d8:	f7ff fffe 	bl	0 <alt_sdmmc_card_enum_sd>
  dc:	4604      	mov	r4, r0
  de:	2800      	cmp	r0, #0
  e0:	f040 80a6 	bne.w	230 <alt_sdmmc_card_enum_sd+0x230>
  e4:	a802      	add	r0, sp, #8
  e6:	f7ff fffe 	bl	0 <alt_sdmmc_card_enum_sd>
  ea:	9b04      	ldr	r3, [sp, #16]
  ec:	2101      	movs	r1, #1
  ee:	f3c3 4203 	ubfx	r2, r3, #16, #4
  f2:	fa01 f202 	lsl.w	r2, r1, r2
  f6:	60ea      	str	r2, [r5, #12]
  f8:	9a02      	ldr	r2, [sp, #8]
  fa:	f3c2 5083 	ubfx	r0, r2, #22, #4
  fe:	f3c2 5240 	ubfx	r2, r2, #21, #1
 102:	4081      	lsls	r1, r0
 104:	756a      	strb	r2, [r5, #21]
 106:	9a05      	ldr	r2, [sp, #20]
 108:	6129      	str	r1, [r5, #16]
 10a:	0d19      	lsrs	r1, r3, #20
 10c:	61e9      	str	r1, [r5, #28]
 10e:	f3c3 31c0 	ubfx	r1, r3, #15, #1
 112:	7529      	strb	r1, [r5, #20]
 114:	f3c2 01c3 	ubfx	r1, r2, #3, #4
 118:	f002 0007 	and.w	r0, r2, #7
 11c:	0f92      	lsrs	r2, r2, #30
 11e:	2900      	cmp	r1, #0
 120:	f000 80c2 	beq.w	2a8 <alt_sdmmc_card_enum_sd+0x2a8>
 124:	2803      	cmp	r0, #3
 126:	f200 80bf 	bhi.w	2a8 <alt_sdmmc_card_enum_sd+0x2a8>
 12a:	4c66      	ldr	r4, [pc, #408]	; (2c4 <alt_sdmmc_card_enum_sd+0x2c4>)
 12c:	f854 4020 	ldr.w	r4, [r4, r0, lsl #2]
 130:	4865      	ldr	r0, [pc, #404]	; (2c8 <alt_sdmmc_card_enum_sd+0x2c8>)
 132:	f850 0021 	ldr.w	r0, [r0, r1, lsl #2]
 136:	4965      	ldr	r1, [pc, #404]	; (2cc <alt_sdmmc_card_enum_sd+0x2cc>)
 138:	4360      	muls	r0, r4
 13a:	fba0 0101 	umull	r0, r1, r0, r1
 13e:	08c9      	lsrs	r1, r1, #3
 140:	60a9      	str	r1, [r5, #8]
 142:	9903      	ldr	r1, [sp, #12]
 144:	2a00      	cmp	r2, #0
 146:	d163      	bne.n	210 <alt_sdmmc_card_enum_sd+0x210>
 148:	f640 72fc 	movw	r2, #4092	; 0xffc
 14c:	ea02 0283 	and.w	r2, r2, r3, lsl #2
 150:	f3c1 33c2 	ubfx	r3, r1, #15, #3
 154:	3302      	adds	r3, #2
 156:	ea42 7291 	orr.w	r2, r2, r1, lsr #30
 15a:	3201      	adds	r2, #1
 15c:	fa02 f303 	lsl.w	r3, r2, r3
 160:	626b      	str	r3, [r5, #36]	; 0x24
 162:	2300      	movs	r3, #0
 164:	622b      	str	r3, [r5, #32]
 166:	466b      	mov	r3, sp
 168:	6832      	ldr	r2, [r6, #0]
 16a:	2107      	movs	r1, #7
 16c:	2000      	movs	r0, #0
 16e:	f7ff fffe 	bl	0 <alt_sdmmc_card_enum_sd>
 172:	4604      	mov	r4, r0
 174:	2800      	cmp	r0, #0
 176:	d15b      	bne.n	230 <alt_sdmmc_card_enum_sd+0x230>
 178:	466b      	mov	r3, sp
 17a:	6832      	ldr	r2, [r6, #0]
 17c:	210d      	movs	r1, #13
 17e:	f7ff fffe 	bl	0 <alt_sdmmc_card_enum_sd>
 182:	4604      	mov	r4, r0
 184:	2800      	cmp	r0, #0
 186:	d153      	bne.n	230 <alt_sdmmc_card_enum_sd+0x230>
 188:	4b51      	ldr	r3, [pc, #324]	; (2d0 <alt_sdmmc_card_enum_sd+0x2d0>)
 18a:	2008      	movs	r0, #8
 18c:	681f      	ldr	r7, [r3, #0]
 18e:	f7ff fffe 	bl	0 <alt_sdmmc_card_enum_sd>
 192:	4b50      	ldr	r3, [pc, #320]	; (2d4 <alt_sdmmc_card_enum_sd+0x2d4>)
 194:	b2bf      	uxth	r7, r7
 196:	681a      	ldr	r2, [r3, #0]
 198:	2208      	movs	r2, #8
 19a:	601a      	str	r2, [r3, #0]
 19c:	f7ff fffe 	bl	0 <alt_sdmmc_card_enum_sd>
 1a0:	4604      	mov	r4, r0
 1a2:	2800      	cmp	r0, #0
 1a4:	d144      	bne.n	230 <alt_sdmmc_card_enum_sd+0x230>
 1a6:	f7ff fffe 	bl	0 <alt_sdmmc_card_enum_sd>
 1aa:	2800      	cmp	r0, #0
 1ac:	d13b      	bne.n	226 <alt_sdmmc_card_enum_sd+0x226>
 1ae:	f7ff fffe 	bl	0 <alt_sdmmc_card_enum_sd>
 1b2:	b180      	cbz	r0, 24 <alt_sdmmc_card_enum_sd+0x24>
 1b4:	f7ff fffe 	bl	0 <alt_sdmmc_card_enum_sd>
 1b8:	4b47      	ldr	r3, [pc, #284]	; (2d8 <alt_sdmmc_card_enum_sd+0x2d8>)
 1ba:	f240 3037 	movw	r0, #823	; 0x337
 1be:	681a      	ldr	r2, [r3, #0]
 1c0:	4b46      	ldr	r3, [pc, #280]	; (2dc <alt_sdmmc_card_enum_sd+0x2dc>)
 1c2:	601a      	str	r2, [r3, #0]
 1c4:	4a46      	ldr	r2, [pc, #280]	; (2e0 <alt_sdmmc_card_enum_sd+0x2e0>)
 1c6:	6813      	ldr	r3, [r2, #0]
 1c8:	f423 63ef 	bic.w	r3, r3, #1912	; 0x778
 1cc:	f023 0306 	bic.w	r3, r3, #6
 1d0:	6013      	str	r3, [r2, #0]
 1d2:	f7ff fffe 	bl	0 <alt_sdmmc_card_enum_sd>
 1d6:	2300      	movs	r3, #0
 1d8:	6832      	ldr	r2, [r6, #0]
 1da:	2137      	movs	r1, #55	; 0x37
 1dc:	4618      	mov	r0, r3
 1de:	f7ff fffe 	bl	0 <alt_sdmmc_card_enum_sd>
 1e2:	4604      	mov	r4, r0
 1e4:	bb20      	cbnz	r0, 230 <alt_sdmmc_card_enum_sd+0x230>
 1e6:	4603      	mov	r3, r0
 1e8:	4602      	mov	r2, r0
 1ea:	2133      	movs	r1, #51	; 0x33
 1ec:	2001      	movs	r0, #1
 1ee:	f7ff fffe 	bl	0 <alt_sdmmc_card_enum_sd>
 1f2:	4604      	mov	r4, r0
 1f4:	b9e0      	cbnz	r0, 230 <alt_sdmmc_card_enum_sd+0x230>
 1f6:	f7ff fffe 	bl	0 <alt_sdmmc_card_enum_sd>
 1fa:	b1e0      	cbz	r0, 236 <alt_sdmmc_card_enum_sd+0x236>
 1fc:	2108      	movs	r1, #8
 1fe:	a806      	add	r0, sp, #24
 200:	f7ff fffe 	bl	0 <alt_sdmmc_card_enum_sd>
 204:	4604      	mov	r4, r0
 206:	b1e0      	cbz	r0, 242 <alt_sdmmc_card_enum_sd+0x242>
 208:	4836      	ldr	r0, [pc, #216]	; (2e4 <alt_sdmmc_card_enum_sd+0x2e4>)
 20a:	f7ff fffe 	bl	0 <puts>
 20e:	e00f      	b.n	230 <alt_sdmmc_card_enum_sd+0x230>
 210:	041b      	lsls	r3, r3, #16
 212:	f403 137c 	and.w	r3, r3, #4128768	; 0x3f0000
 216:	ea43 4311 	orr.w	r3, r3, r1, lsr #16
 21a:	3301      	adds	r3, #1
 21c:	0d9a      	lsrs	r2, r3, #22
 21e:	029b      	lsls	r3, r3, #10
 220:	622a      	str	r2, [r5, #32]
 222:	626b      	str	r3, [r5, #36]	; 0x24
 224:	e79f      	b.n	166 <alt_sdmmc_card_enum_sd+0x166>
 226:	f7ff fffe 	bl	0 <alt_sdmmc_card_enum_sd>
 22a:	4604      	mov	r4, r0
 22c:	2800      	cmp	r0, #0
 22e:	d0be      	beq.n	1ae <alt_sdmmc_card_enum_sd+0x1ae>
 230:	4620      	mov	r0, r4
 232:	b017      	add	sp, #92	; 0x5c
 234:	bdf0      	pop	{r4, r5, r6, r7, pc}
 236:	4622      	mov	r2, r4
 238:	2108      	movs	r1, #8
 23a:	a806      	add	r0, sp, #24
 23c:	f7ff fffe 	bl	0 <alt_sdmmc_card_enum_sd>
 240:	e7e0      	b.n	ffffffc4 <alt_sdmmc_is_busy+0xffffffc4>
 242:	f7ff fffe 	bl	0 <alt_sdmmc_card_enum_sd>
 246:	4604      	mov	r4, r0
 248:	b108      	cbz	r0, 24e <alt_sdmmc_card_enum_sd+0x24e>
 24a:	4827      	ldr	r0, [pc, #156]	; (2e8 <alt_sdmmc_card_enum_sd+0x2e8>)
 24c:	e7dd      	b.n	20a <alt_sdmmc_card_enum_sd+0x20a>
 24e:	4638      	mov	r0, r7
 250:	f7ff fffe 	bl	0 <alt_sdmmc_card_enum_sd>
 254:	f89d 6018 	ldrb.w	r6, [sp, #24]
 258:	2240      	movs	r2, #64	; 0x40
 25a:	f89d 3019 	ldrb.w	r3, [sp, #25]
 25e:	4621      	mov	r1, r4
 260:	a806      	add	r0, sp, #24
 262:	f006 060f 	and.w	r6, r6, #15
 266:	f003 030f 	and.w	r3, r3, #15
 26a:	61ae      	str	r6, [r5, #24]
 26c:	62ab      	str	r3, [r5, #40]	; 0x28
 26e:	f7ff fffe 	bl	0 <memset>
 272:	75ac      	strb	r4, [r5, #22]
 274:	b116      	cbz	r6, 27c <alt_sdmmc_card_enum_sd+0x27c>
 276:	69eb      	ldr	r3, [r5, #28]
 278:	055a      	lsls	r2, r3, #21
 27a:	d405      	bmi.n	288 <alt_sdmmc_card_enum_sd+0x288>
 27c:	481b      	ldr	r0, [pc, #108]	; (2ec <alt_sdmmc_card_enum_sd+0x2ec>)
 27e:	f06f 0408 	mvn.w	r4, #8
 282:	f7ff fffe 	bl	0 <puts>
 286:	e7d3      	b.n	230 <alt_sdmmc_card_enum_sd+0x230>
 288:	4620      	mov	r0, r4
 28a:	a906      	add	r1, sp, #24
 28c:	f7ff fffe 	bl	0 <alt_sdmmc_card_enum_sd>
 290:	4604      	mov	r4, r0
 292:	2800      	cmp	r0, #0
 294:	d1cc      	bne.n	230 <alt_sdmmc_card_enum_sd+0x230>
 296:	f89d 3025 	ldrb.w	r3, [sp, #37]	; 0x25
 29a:	079b      	lsls	r3, r3, #30
 29c:	d502      	bpl.n	2a4 <alt_sdmmc_card_enum_sd+0x2a4>
 29e:	2301      	movs	r3, #1
 2a0:	75ab      	strb	r3, [r5, #22]
 2a2:	e7c5      	b.n	230 <alt_sdmmc_card_enum_sd+0x230>
 2a4:	4812      	ldr	r0, [pc, #72]	; (2f0 <alt_sdmmc_card_enum_sd+0x2f0>)
 2a6:	e7b0      	b.n	20a <alt_sdmmc_card_enum_sd+0x20a>
 2a8:	f04f 34ff 	mov.w	r4, #4294967295	; 0xffffffff
 2ac:	e7c0      	b.n	230 <alt_sdmmc_card_enum_sd+0x230>
 2ae:	bf00      	nop
 2b0:	00000000 	.word	0x00000000
 2b4:	0053e2d7 	.word	0x0053e2d7
 2b8:	000f4240 	.word	0x000f4240
 2bc:	40ff8000 	.word	0x40ff8000
	...
 2cc:	cccccccd 	.word	0xcccccccd
 2d0:	ff70401c 	.word	0xff70401c
 2d4:	ff704020 	.word	0xff704020
 2d8:	00000000 	.word	0x00000000
 2dc:	ff704088 	.word	0xff704088
 2e0:	ff704080 	.word	0xff704080
 2e4:	00000000 	.word	0x00000000
 2e8:	00000023 	.word	0x00000023
 2ec:	00000047 	.word	0x00000047
 2f0:	00000037 	.word	0x00000037

Disassembly of section .text.alt_sdmmc_card_identify:

00000000 <alt_sdmmc_card_identify>:
   0:	4b64      	ldr	r3, [pc, #400]	; (194 <alt_sdmmc_card_identify+0x194>)
   2:	e92d 41f3 	stmdb	sp!, {r0, r1, r4, r5, r6, r7, r8, lr}
   6:	2100      	movs	r1, #0
   8:	6001      	str	r1, [r0, #0]
   a:	4605      	mov	r5, r0
   c:	681a      	ldr	r2, [r3, #0]
   e:	f422 3280 	bic.w	r2, r2, #65536	; 0x10000
  12:	601a      	str	r2, [r3, #0]
  14:	681a      	ldr	r2, [r3, #0]
  16:	f022 0201 	bic.w	r2, r2, #1
  1a:	601a      	str	r2, [r3, #0]
  1c:	4b5e      	ldr	r3, [pc, #376]	; (198 <alt_sdmmc_card_identify+0x198>)
  1e:	9101      	str	r1, [sp, #4]
  20:	681a      	ldr	r2, [r3, #0]
  22:	4b5e      	ldr	r3, [pc, #376]	; (19c <alt_sdmmc_card_identify+0x19c>)
  24:	0a92      	lsrs	r2, r2, #10
  26:	fba2 2303 	umull	r2, r3, r2, r3
  2a:	0898      	lsrs	r0, r3, #2
  2c:	f7ff fffe 	bl	0 <alt_sdmmc_card_identify>
  30:	4604      	mov	r4, r0
  32:	b160      	cbz	r0, 4e <alt_sdmmc_card_identify+0x4e>
  34:	485a      	ldr	r0, [pc, #360]	; (1a0 <alt_sdmmc_card_identify+0x1a0>)
  36:	f7ff fffe 	bl	0 <puts>
  3a:	682b      	ldr	r3, [r5, #0]
  3c:	2b00      	cmp	r3, #0
  3e:	d063      	beq.n	108 <alt_sdmmc_card_identify+0x108>
  40:	2c00      	cmp	r4, #0
  42:	d17b      	bne.n	13c <alt_sdmmc_card_identify+0x13c>
  44:	4628      	mov	r0, r5
  46:	f7ff fffe 	bl	0 <alt_sdmmc_card_identify>
  4a:	4603      	mov	r3, r0
  4c:	e088      	b.n	160 <alt_sdmmc_card_identify+0x160>
  4e:	4603      	mov	r3, r0
  50:	4602      	mov	r2, r0
  52:	4601      	mov	r1, r0
  54:	f7ff fffe 	bl	0 <alt_sdmmc_card_identify>
  58:	4604      	mov	r4, r0
  5a:	b138      	cbz	r0, 6c <alt_sdmmc_card_identify+0x6c>
  5c:	4b51      	ldr	r3, [pc, #324]	; (1a4 <alt_sdmmc_card_identify+0x1a4>)
  5e:	681b      	ldr	r3, [r3, #0]
  60:	05d9      	lsls	r1, r3, #23
  62:	d501      	bpl.n	68 <alt_sdmmc_card_identify+0x68>
  64:	4850      	ldr	r0, [pc, #320]	; (1a8 <alt_sdmmc_card_identify+0x1a8>)
  66:	e7e6      	b.n	36 <alt_sdmmc_card_identify+0x36>
  68:	4850      	ldr	r0, [pc, #320]	; (1ac <alt_sdmmc_card_identify+0x1ac>)
  6a:	e7e4      	b.n	36 <alt_sdmmc_card_identify+0x36>
  6c:	ab01      	add	r3, sp, #4
  6e:	f44f 72d5 	mov.w	r2, #426	; 0x1aa
  72:	2108      	movs	r1, #8
  74:	f7ff fffe 	bl	0 <alt_sdmmc_card_identify>
  78:	4604      	mov	r4, r0
  7a:	b148      	cbz	r0, 90 <alt_sdmmc_card_identify+0x90>
  7c:	484c      	ldr	r0, [pc, #304]	; (1b0 <alt_sdmmc_card_identify+0x1b0>)
  7e:	f7ff fffe 	bl	0 <puts>
  82:	4b48      	ldr	r3, [pc, #288]	; (1a4 <alt_sdmmc_card_identify+0x1a4>)
  84:	681b      	ldr	r3, [r3, #0]
  86:	05da      	lsls	r2, r3, #23
  88:	bf4c      	ite	mi
  8a:	484a      	ldrmi	r0, [pc, #296]	; (1b4 <alt_sdmmc_card_identify+0x1b4>)
  8c:	484a      	ldrpl	r0, [pc, #296]	; (1b8 <alt_sdmmc_card_identify+0x1b8>)
  8e:	e7d2      	b.n	36 <alt_sdmmc_card_identify+0x36>
  90:	9b01      	ldr	r3, [sp, #4]
  92:	f5b3 7fd5 	cmp.w	r3, #426	; 0x1aa
  96:	d134      	bne.n	102 <alt_sdmmc_card_identify+0x102>
  98:	4e48      	ldr	r6, [pc, #288]	; (1bc <alt_sdmmc_card_identify+0x1bc>)
  9a:	f8df 8134 	ldr.w	r8, [pc, #308]	; 1d0 <alt_sdmmc_card_identify+0x1d0>
  9e:	2200      	movs	r2, #0
  a0:	ab01      	add	r3, sp, #4
  a2:	2137      	movs	r1, #55	; 0x37
  a4:	4610      	mov	r0, r2
  a6:	f7ff fffe 	bl	0 <alt_sdmmc_card_identify>
  aa:	4607      	mov	r7, r0
  ac:	b168      	cbz	r0, ca <alt_sdmmc_card_identify+0xca>
  ae:	4b3d      	ldr	r3, [pc, #244]	; (1a4 <alt_sdmmc_card_identify+0x1a4>)
  b0:	681b      	ldr	r3, [r3, #0]
  b2:	05db      	lsls	r3, r3, #23
  b4:	d504      	bpl.n	c0 <alt_sdmmc_card_identify+0xc0>
  b6:	4842      	ldr	r0, [pc, #264]	; (1c0 <alt_sdmmc_card_identify+0x1c0>)
  b8:	2400      	movs	r4, #0
  ba:	f7ff fffe 	bl	0 <puts>
  be:	e7bc      	b.n	3a <alt_sdmmc_card_identify+0x3a>
  c0:	4840      	ldr	r0, [pc, #256]	; (1c4 <alt_sdmmc_card_identify+0x1c4>)
  c2:	f7ff fffe 	bl	0 <puts>
  c6:	463c      	mov	r4, r7
  c8:	e7b7      	b.n	3a <alt_sdmmc_card_identify+0x3a>
  ca:	ab01      	add	r3, sp, #4
  cc:	4642      	mov	r2, r8
  ce:	2129      	movs	r1, #41	; 0x29
  d0:	2001      	movs	r0, #1
  d2:	f7ff fffe 	bl	0 <alt_sdmmc_card_identify>
  d6:	4604      	mov	r4, r0
  d8:	b128      	cbz	r0, e6 <alt_sdmmc_card_identify+0xe6>
  da:	4b32      	ldr	r3, [pc, #200]	; (1a4 <alt_sdmmc_card_identify+0x1a4>)
  dc:	681b      	ldr	r3, [r3, #0]
  de:	05de      	lsls	r6, r3, #23
  e0:	d5ab      	bpl.n	3a <alt_sdmmc_card_identify+0x3a>
  e2:	4839      	ldr	r0, [pc, #228]	; (1c8 <alt_sdmmc_card_identify+0x1c8>)
  e4:	e7ed      	b.n	c2 <alt_sdmmc_card_identify+0xc2>
  e6:	9b01      	ldr	r3, [sp, #4]
  e8:	2b00      	cmp	r3, #0
  ea:	da05      	bge.n	f8 <alt_sdmmc_card_identify+0xf8>
  ec:	0058      	lsls	r0, r3, #1
  ee:	bf4c      	ite	mi
  f0:	2305      	movmi	r3, #5
  f2:	2302      	movpl	r3, #2
  f4:	602b      	str	r3, [r5, #0]
  f6:	e7a0      	b.n	3a <alt_sdmmc_card_identify+0x3a>
  f8:	3e01      	subs	r6, #1
  fa:	d1d0      	bne.n	9e <alt_sdmmc_card_identify+0x9e>
  fc:	f06f 040b 	mvn.w	r4, #11
 100:	e79b      	b.n	3a <alt_sdmmc_card_identify+0x3a>
 102:	f04f 34ff 	mov.w	r4, #4294967295	; 0xffffffff
 106:	e798      	b.n	3a <alt_sdmmc_card_identify+0x3a>
 108:	b9c4      	cbnz	r4, 13c <alt_sdmmc_card_identify+0x13c>
 10a:	2200      	movs	r2, #0
 10c:	ac02      	add	r4, sp, #8
 10e:	f844 2d04 	str.w	r2, [r4, #-4]!
 112:	2105      	movs	r1, #5
 114:	4623      	mov	r3, r4
 116:	4610      	mov	r0, r2
 118:	f7ff fffe 	bl	0 <alt_sdmmc_card_identify>
 11c:	4603      	mov	r3, r0
 11e:	b938      	cbnz	r0, 130 <alt_sdmmc_card_identify+0x130>
 120:	4623      	mov	r3, r4
 122:	f44f 1280 	mov.w	r2, #1048576	; 0x100000
 126:	2105      	movs	r1, #5
 128:	f7ff fffe 	bl	0 <alt_sdmmc_card_identify>
 12c:	4603      	mov	r3, r0
 12e:	b348      	cbz	r0, 184 <alt_sdmmc_card_identify+0x184>
 130:	4a1c      	ldr	r2, [pc, #112]	; (1a4 <alt_sdmmc_card_identify+0x1a4>)
 132:	6812      	ldr	r2, [r2, #0]
 134:	05d2      	lsls	r2, r2, #23
 136:	d513      	bpl.n	160 <alt_sdmmc_card_identify+0x160>
 138:	2300      	movs	r3, #0
 13a:	e011      	b.n	160 <alt_sdmmc_card_identify+0x160>
 13c:	2300      	movs	r3, #0
 13e:	2137      	movs	r1, #55	; 0x37
 140:	461a      	mov	r2, r3
 142:	4618      	mov	r0, r3
 144:	f7ff fffe 	bl	0 <alt_sdmmc_card_identify>
 148:	4603      	mov	r3, r0
 14a:	b168      	cbz	r0, 168 <alt_sdmmc_card_identify+0x168>
 14c:	4a15      	ldr	r2, [pc, #84]	; (1a4 <alt_sdmmc_card_identify+0x1a4>)
 14e:	6812      	ldr	r2, [r2, #0]
 150:	05d1      	lsls	r1, r2, #23
 152:	d500      	bpl.n	156 <alt_sdmmc_card_identify+0x156>
 154:	2300      	movs	r3, #0
 156:	682a      	ldr	r2, [r5, #0]
 158:	b18a      	cbz	r2, 17e <alt_sdmmc_card_identify+0x17e>
 15a:	2b00      	cmp	r3, #0
 15c:	f43f af72 	beq.w	44 <alt_sdmmc_card_identify+0x44>
 160:	4618      	mov	r0, r3
 162:	b002      	add	sp, #8
 164:	e8bd 81f0 	ldmia.w	sp!, {r4, r5, r6, r7, r8, pc}
 168:	4a18      	ldr	r2, [pc, #96]	; (1cc <alt_sdmmc_card_identify+0x1cc>)
 16a:	2129      	movs	r1, #41	; 0x29
 16c:	2001      	movs	r0, #1
 16e:	f7ff fffe 	bl	0 <alt_sdmmc_card_identify>
 172:	4603      	mov	r3, r0
 174:	2800      	cmp	r0, #0
 176:	d1e9      	bne.n	14c <alt_sdmmc_card_identify+0x14c>
 178:	2202      	movs	r2, #2
 17a:	602a      	str	r2, [r5, #0]
 17c:	e7eb      	b.n	156 <alt_sdmmc_card_identify+0x156>
 17e:	2b00      	cmp	r3, #0
 180:	d1ee      	bne.n	160 <alt_sdmmc_card_identify+0x160>
 182:	e7c2      	b.n	10a <alt_sdmmc_card_identify+0x10a>
 184:	9a01      	ldr	r2, [sp, #4]
 186:	f012 6f00 	tst.w	r2, #134217728	; 0x8000000
 18a:	bf14      	ite	ne
 18c:	2200      	movne	r2, #0
 18e:	2203      	moveq	r2, #3
 190:	602a      	str	r2, [r5, #0]
 192:	e7e5      	b.n	160 <alt_sdmmc_card_identify+0x160>
 194:	ff704018 	.word	0xff704018
 198:	00000000 	.word	0x00000000
 19c:	0053e2d7 	.word	0x0053e2d7
 1a0:	00000000 	.word	0x00000000
 1a4:	ff704040 	.word	0xff704040
 1a8:	00000024 	.word	0x00000024
 1ac:	00000037 	.word	0x00000037
 1b0:	0000005b 	.word	0x0000005b
 1b4:	00000076 	.word	0x00000076
 1b8:	0000009d 	.word	0x0000009d
 1bc:	000f4240 	.word	0x000f4240
 1c0:	000000c6 	.word	0x000000c6
 1c4:	000000e4 	.word	0x000000e4
 1c8:	0000010c 	.word	0x0000010c
 1cc:	00ff8000 	.word	0x00ff8000
 1d0:	40ff8000 	.word	0x40ff8000

Disassembly of section .text.alt_sdmmc_transfer.isra.7.part.8:

00000000 <alt_sdmmc_transfer.isra.7.part.8>:
   0:	e92d 4df0 	stmdb	sp!, {r4, r5, r6, r7, r8, sl, fp, lr}
   4:	4698      	mov	r8, r3
   6:	4b3c      	ldr	r3, [pc, #240]	; (f8 <alt_sdmmc_transfer.isra.7.part.8+0xf8>)
   8:	460f      	mov	r7, r1
   a:	4683      	mov	fp, r0
   c:	4638      	mov	r0, r7
   e:	4692      	mov	sl, r2
  10:	9e08      	ldr	r6, [sp, #32]
  12:	681c      	ldr	r4, [r3, #0]
  14:	b2a4      	uxth	r4, r4
  16:	4621      	mov	r1, r4
  18:	f7ff fffe 	bl	0 <__aeabi_uidivmod>
  1c:	2900      	cmp	r1, #0
  1e:	d166      	bne.n	ee <alt_sdmmc_transfer.isra.7.part.8+0xee>
  20:	4621      	mov	r1, r4
  22:	4640      	mov	r0, r8
  24:	f7ff fffe 	bl	0 <__aeabi_uidivmod>
  28:	2900      	cmp	r1, #0
  2a:	d160      	bne.n	ee <alt_sdmmc_transfer.isra.7.part.8+0xee>
  2c:	f7ff fffe 	bl	0 <alt_sdmmc_transfer.isra.7.part.8>
  30:	2800      	cmp	r0, #0
  32:	d15e      	bne.n	f2 <alt_sdmmc_transfer.isra.7.part.8+0xf2>
  34:	f7ff fffe 	bl	0 <alt_sdmmc_transfer.isra.7.part.8>
  38:	2800      	cmp	r0, #0
  3a:	d142      	bne.n	c2 <alt_sdmmc_transfer.isra.7.part.8+0xc2>
  3c:	4621      	mov	r1, r4
  3e:	4640      	mov	r0, r8
  40:	f7ff fffe 	bl	0 <__aeabi_uidiv>
  44:	fb04 f500 	mul.w	r5, r4, r0
  48:	4b2c      	ldr	r3, [pc, #176]	; (fc <alt_sdmmc_transfer.isra.7.part.8+0xfc>)
  4a:	2080      	movs	r0, #128	; 0x80
  4c:	681a      	ldr	r2, [r3, #0]
  4e:	601d      	str	r5, [r3, #0]
  50:	f7ff fffe 	bl	0 <alt_sdmmc_transfer.isra.7.part.8>
  54:	4544      	cmp	r4, r8
  56:	d13a      	bne.n	ce <alt_sdmmc_transfer.isra.7.part.8+0xce>
  58:	2e00      	cmp	r6, #0
  5a:	bf0c      	ite	eq
  5c:	f04f 0811 	moveq.w	r8, #17
  60:	f04f 0818 	movne.w	r8, #24
  64:	f7ff fffe 	bl	0 <alt_sdmmc_transfer.isra.7.part.8>
  68:	b180      	cbz	r0, 24 <alt_sdmmc_transfer.isra.7.part.8+0x24>
  6a:	f7ff fffe 	bl	0 <alt_sdmmc_transfer.isra.7.part.8>
  6e:	4b24      	ldr	r3, [pc, #144]	; (100 <alt_sdmmc_transfer.isra.7.part.8+0x100>)
  70:	f240 3037 	movw	r0, #823	; 0x337
  74:	681a      	ldr	r2, [r3, #0]
  76:	4b23      	ldr	r3, [pc, #140]	; (104 <alt_sdmmc_transfer.isra.7.part.8+0x104>)
  78:	601a      	str	r2, [r3, #0]
  7a:	4a23      	ldr	r2, [pc, #140]	; (108 <alt_sdmmc_transfer.isra.7.part.8+0x108>)
  7c:	6813      	ldr	r3, [r2, #0]
  7e:	f423 63ef 	bic.w	r3, r3, #1912	; 0x778
  82:	f023 0306 	bic.w	r3, r3, #6
  86:	6013      	str	r3, [r2, #0]
  88:	f7ff fffe 	bl	0 <alt_sdmmc_transfer.isra.7.part.8>
  8c:	f8db 3000 	ldr.w	r3, [fp]
  90:	2b05      	cmp	r3, #5
  92:	d123      	bne.n	dc <alt_sdmmc_transfer.isra.7.part.8+0xdc>
  94:	4621      	mov	r1, r4
  96:	4638      	mov	r0, r7
  98:	f7ff fffe 	bl	0 <__aeabi_uidiv>
  9c:	2300      	movs	r3, #0
  9e:	4602      	mov	r2, r0
  a0:	4641      	mov	r1, r8
  a2:	4618      	mov	r0, r3
  a4:	f7ff fffe 	bl	0 <alt_sdmmc_transfer.isra.7.part.8>
  a8:	bb18      	cbnz	r0, 4a <alt_sdmmc_transfer.isra.7.part.8+0x4a>
  aa:	f7ff fffe 	bl	0 <alt_sdmmc_transfer.isra.7.part.8>
  ae:	b1c0      	cbz	r0, e2 <alt_sdmmc_transfer.isra.7.part.8+0xe2>
  b0:	4629      	mov	r1, r5
  b2:	4650      	mov	r0, sl
  b4:	f7ff fffe 	bl	0 <alt_sdmmc_transfer.isra.7.part.8>
  b8:	b9d8      	cbnz	r0, f2 <alt_sdmmc_transfer.isra.7.part.8+0xf2>
  ba:	e8bd 4df0 	ldmia.w	sp!, {r4, r5, r6, r7, r8, sl, fp, lr}
  be:	f7ff bffe 	b.w	0 <alt_sdmmc_transfer.isra.7.part.8>
  c2:	f7ff fffe 	bl	0 <alt_sdmmc_transfer.isra.7.part.8>
  c6:	2800      	cmp	r0, #0
  c8:	d0b8      	beq.n	3c <alt_sdmmc_transfer.isra.7.part.8+0x3c>
  ca:	e8bd 8df0 	ldmia.w	sp!, {r4, r5, r6, r7, r8, sl, fp, pc}
  ce:	2e00      	cmp	r6, #0
  d0:	bf0c      	ite	eq
  d2:	f04f 0812 	moveq.w	r8, #18
  d6:	f04f 0819 	movne.w	r8, #25
  da:	e7c3      	b.n	64 <alt_sdmmc_transfer.isra.7.part.8+0x64>
  dc:	2300      	movs	r3, #0
  de:	463a      	mov	r2, r7
  e0:	e7de      	b.n	a0 <alt_sdmmc_transfer.isra.7.part.8+0xa0>
  e2:	4632      	mov	r2, r6
  e4:	4629      	mov	r1, r5
  e6:	4650      	mov	r0, sl
  e8:	f7ff fffe 	bl	0 <alt_sdmmc_transfer.isra.7.part.8>
  ec:	e7e4      	b.n	b8 <alt_sdmmc_transfer.isra.7.part.8+0xb8>
  ee:	f06f 0008 	mvn.w	r0, #8
  f2:	e8bd 8df0 	ldmia.w	sp!, {r4, r5, r6, r7, r8, sl, fp, pc}
  f6:	bf00      	nop
  f8:	ff70401c 	.word	0xff70401c
  fc:	ff704020 	.word	0xff704020
 100:	00000000 	.word	0x00000000
 104:	ff704088 	.word	0xff704088
 108:	ff704080 	.word	0xff704080

Disassembly of section .text.alt_sdmmc_read:

00000000 <alt_sdmmc_read>:
   0:	b573      	push	{r0, r1, r4, r5, r6, lr}
   2:	460e      	mov	r6, r1
   4:	4605      	mov	r5, r0
   6:	4611      	mov	r1, r2
   8:	461c      	mov	r4, r3
   a:	b15b      	cbz	r3, 24 <alt_sdmmc_read+0x24>
   c:	f7ff fffe 	bl	0 <alt_sdmmc_read>
  10:	b150      	cbz	r0, 28 <alt_sdmmc_read+0x28>
  12:	2300      	movs	r3, #0
  14:	4632      	mov	r2, r6
  16:	9300      	str	r3, [sp, #0]
  18:	4628      	mov	r0, r5
  1a:	4623      	mov	r3, r4
  1c:	f7ff fffe 	bl	0 <alt_sdmmc_read>
  20:	b002      	add	sp, #8
  22:	bd70      	pop	{r4, r5, r6, pc}
  24:	4618      	mov	r0, r3
  26:	e7fb      	b.n	20 <alt_sdmmc_read+0x20>
  28:	f04f 30ff 	mov.w	r0, #4294967295	; 0xffffffff
  2c:	e7f8      	b.n	20 <alt_sdmmc_read+0x20>

Disassembly of section .text.alt_sdmmc_write:

00000000 <alt_sdmmc_write>:
   0:	b573      	push	{r0, r1, r4, r5, r6, lr}
   2:	4605      	mov	r5, r0
   4:	4616      	mov	r6, r2
   6:	461c      	mov	r4, r3
   8:	b15b      	cbz	r3, 22 <alt_sdmmc_write+0x22>
   a:	f7ff fffe 	bl	0 <alt_sdmmc_write>
   e:	b150      	cbz	r0, 26 <alt_sdmmc_write+0x26>
  10:	2301      	movs	r3, #1
  12:	4632      	mov	r2, r6
  14:	9300      	str	r3, [sp, #0]
  16:	4628      	mov	r0, r5
  18:	4623      	mov	r3, r4
  1a:	f7ff fffe 	bl	0 <alt_sdmmc_write>
  1e:	b002      	add	sp, #8
  20:	bd70      	pop	{r4, r5, r6, pc}
  22:	4618      	mov	r0, r3
  24:	e7fb      	b.n	1e <alt_sdmmc_write+0x1e>
  26:	f04f 30ff 	mov.w	r0, #4294967295	; 0xffffffff
  2a:	e7f8      	b.n	1e <alt_sdmmc_write+0x1e>
