make all --print-data-base --no-builtin-variables --no-builtin-rules --question
make: *** No rule to make target 'all'.  Stop.

# GNU Make 4.3
# Built for x86_64-pc-linux-gnu
# Copyright (C) 1988-2020 Free Software Foundation, Inc.
# License GPLv3+: GNU GPL version 3 or later <http://gnu.org/licenses/gpl.html>
# This is free software: you are free to change and redistribute it.
# There is NO WARRANTY, to the extent permitted by law.

# Make data base, printed on Sat Jul  9 12:56:17 2022

# Variables

# environment
GDK_BACKEND = x11
# makefile (from 'makefile', line 5)
AS = $(CROSS_COMPILE)as
# environment
LC_ALL = C
# environment
GNOME_SHELL_SESSION_MODE = ubuntu
# environment
SSH_AGENT_LAUNCHER = gnome-keyring
# environment
GJS_DEBUG_OUTPUT = stderr
# environment
LC_NAME = fr_FR.UTF-8
# environment
LC_NUMERIC = fr_FR.UTF-8
# environment
VSCODE_CWD = /home/francky
# environment
WINDOWPATH = 2
# environment
LC_ADDRESS = fr_FR.UTF-8
# default
MAKE_COMMAND := make
# environment
QT_ACCESSIBILITY = 1
# automatic
@D = $(patsubst %/,%,$(dir $@))
# environment
VSCODE_HANDLES_UNCAUGHT_ERRORS = true
# default
.VARIABLES := 
# environment
PWD = /home/francky/Documents/uboot/myBoot-Ed03
# automatic
%D = $(patsubst %/,%,$(dir $%))
# environment
XDG_DATA_DIRS = /usr/share/ubuntu:/usr/share/gnome:/usr/local/share/:/usr/share/:/var/lib/snapd/desktop
# automatic
^D = $(patsubst %/,%,$(dir $^))
# automatic
%F = $(notdir $%)
# environment
VSCODE_CODE_CACHE_PATH = /home/francky/.config/Code/CachedData/92d25e35d9bf1a6b16f7d0758f25d48ace11e5b9
# environment
LANG = C
# environment
XAUTHORITY = /run/user/1000/gdm/Xauthority
# default
.LOADED := 
# default
.INCLUDE_DIRS = /usr/local/include /usr/include /usr/include
# makefile (from 'makefile', line 11)
CCOPT = -mthumb -mthumb-interwork -mabi=aapcs-linux  -mno-unaligned-access -ffunction-sections -fdata-sections -fno-common -ffixed-r9  -msoft-float -march=armv7-a
# makefile
MAKEFLAGS = pqrR
# makefile
CURDIR := /home/francky/Documents/uboot/myBoot-Ed03
# environment
APPLICATION_INSIGHTS_NO_DIAGNOSTIC_CHANNEL = 1
# environment
LESSOPEN = | /usr/bin/lesspipe %s
# makefile (from 'makefile', line 12)
LDSCRIPT := myBoot.lds
# automatic
*D = $(patsubst %/,%,$(dir $*))
# environment
MFLAGS = -pqrR
# environment
SSH_AUTH_SOCK = /run/user/1000/keyring/ssh
# default
.SHELLFLAGS := -c
# environment
XDG_CONFIG_DIRS = /etc/xdg/xdg-ubuntu:/etc/xdg
# automatic
+D = $(patsubst %/,%,$(dir $+))
# environment
XDG_SESSION_DESKTOP = ubuntu
# makefile (from 'makefile', line 1)
MAKEFILE_LIST := makefile
# automatic
@F = $(notdir $@)
# environment
VSCODE_PID = 16066
# environment
XDG_SESSION_TYPE = x11
# automatic
?D = $(patsubst %/,%,$(dir $?))
# makefile (from 'makefile', line 7)
CP = $(CROSS_COMPILE)objcopy 
# makefile (from 'makefile', line 8)
OD = $(CROSS_COMPILE)objdump
# environment
SESSION_MANAGER = local/francky-PRIME-Z390-A:@/tmp/.ICE-unix/1877,unix/francky-PRIME-Z390-A:/tmp/.ICE-unix/1877
# automatic
*F = $(notdir $*)
# environment
CHROME_DESKTOP = code-url-handler.desktop
# environment
DBUS_SESSION_BUS_ADDRESS = unix:path=/run/user/1000/bus
# automatic
<D = $(patsubst %/,%,$(dir $<))
# environment
VSCODE_NLS_CONFIG = {"locale":"en-us","availableLanguages":{},"_languagePackSupport":true}
# default
MAKE_HOST := x86_64-pc-linux-gnu
# environment
GNOME_DESKTOP_SESSION_ID = this-is-deprecated
# makefile
SHELL = /bin/sh
# default
MAKECMDGOALS := all
# environment
XMODIFIERS = @im=ibus
# environment
GJS_DEBUG_TOPICS = JS ERROR;JS LOG
# environment
SHLVL = 0
# environment
MAKELEVEL := 0
# default
MAKE = $(MAKE_COMMAND)
# environment
PATH = /usr/local/sbin:/usr/local/bin:/usr/sbin:/usr/bin:/sbin:/bin:/usr/games:/usr/local/games:/snap/bin:/snap/bin:/opt/gcc-linaro-6.5.0-2018.12-x86_64_arm-linux-gnueabihf/bin
# default
MAKEFILES := 
# environment
LC_MONETARY = fr_FR.UTF-8
# automatic
^F = $(notdir $^)
# environment
LC_TIME = fr_FR.UTF-8
# environment
INVOCATION_ID = ccabf60d00c04935af974769fa81d8f0
# environment
USERNAME = francky
# environment
LC_TELEPHONE = fr_FR.UTF-8
# environment
LESSCLOSE = /usr/bin/lesspipe %s %s
# automatic
?F = $(notdir $?)
# makefile (from 'makefile', line 3)
CROSS_COMPILE = arm-linux-gnueabihf-
# environment
XDG_CURRENT_DESKTOP = Unity
# environment
LS_COLORS = 
# automatic
+F = $(notdir $+)
# environment
DESKTOP_SESSION = ubuntu
# environment
ORIGINAL_XDG_CURRENT_DESKTOP = ubuntu:GNOME
# 'override' directive
GNUMAKEFLAGS := 
# environment
LOGNAME = francky
# environment
GIO_LAUNCHED_DESKTOP_FILE = /usr/share/applications/code.desktop
# makefile
.DEFAULT_GOAL := start.o
# environment
SYSTEMD_EXEC_PID = 1916
# makefile (from 'makefile', line 9)
ARCH = arm
# environment
DISPLAY = :0
# environment
USER = francky
# environment
GTK_MODULES = gail:atk-bridge
# default
MAKE_VERSION := 4.3
# environment
MANAGERPID = 1556
# environment
LC_MEASUREMENT = fr_FR.UTF-8
# environment
GIO_LAUNCHED_DESKTOP_FILE_PID = 16066
# environment
_ = /usr/share/code/code
# environment
LC_PAPER = fr_FR.UTF-8
# environment
XDG_RUNTIME_DIR = /run/user/1000
# environment
GPG_AGENT_INFO = /run/user/1000/gnupg/S.gpg-agent:0:1
# environment
JOURNAL_STREAM = 8:23013
# environment
XDG_SESSION_CLASS = user
# environment
VSCODE_AMD_ENTRYPOINT = vs/workbench/api/node/extensionHostProcess
# environment
HOME = /home/francky
# environment
QT_IM_MODULE = ibus
# makefile (from 'makefile', line 14)
OPTIONS = -Os -Wall -Wstrict-prototypes -Wno-format-security -fno-builtin -ffreestanding -mthumb -mthumb-interwork -mabi=aapcs-linux -mword-relocations  -fno-pic  -mno-unaligned-access -mno-unaligned-access -ffunction-sections -fdata-sections -fno-common -ffixed-r9 -msoft-float -march=armv7-a -P -c 
# environment
ELECTRON_RUN_AS_NODE = 1
# environment
VSCODE_IPC_HOOK = /run/user/1000/vscode-aa6b3615-1.69.0-main.sock
# default
.RECIPEPREFIX := 
# automatic
<F = $(notdir $<)
# default
SUFFIXES := 
# makefile (from 'makefile', line 1)
TARGET = myBoot.o
# makefile (from 'makefile', line 6)
LD = $(CROSS_COMPILE)ld.bfd 
# default
.FEATURES := target-specific order-only second-expansion else-if shortest-stem undefine oneshell nocomment grouped-target extra-prereqs archives jobserver output-sync check-symlink load
# makefile (from 'makefile', line 4)
CC = $(CROSS_COMPILE)gcc
# environment
XDG_MENU_PREFIX = gnome-
# environment
GDMSESSION = ubuntu
# environment
LC_IDENTIFICATION = fr_FR.UTF-8
# variable set hash-table stats:
# Load=112/1024=11%, Rehash=0, Collisions=7/145=5%

# Pattern-specific Variable Values

# No pattern-specific variable values.

# Directories

# . (device 2133, inode 3801388): 44 files, no impossibilities.

# 44 files, no impossibilities in 1 directories.

# Implicit Rules

# No implicit rules.

# Files

# Not a target:
FreezeManager.c:
#  Implicit rule search has not been done.
#  Modification time never checked.
#  File has not been updated.

FpgaManager.o: FpgaManager.c
#  Implicit rule search has not been done.
#  Modification time never checked.
#  File has not been updated.
#  recipe to execute (from 'makefile', line 35):
							$(CC) $(OPTIONS) $^ -o $@
							$(OD) -d $@ >$@.lst
			

spl.o: spl.c
#  Implicit rule search has not been done.
#  Modification time never checked.
#  File has not been updated.
#  recipe to execute (from 'makefile', line 67):
							$(CC) $(OPTIONS) $^ -o $@
							$(OD) -d $@ >$@.lst

myBoot.o: start.o spl.o ClockManager.o FpgaManager.o FreezeManager.o ScanManager.o sdram.o sequencer.o hwlibs/src/alt_sdmmc.o hwlibs/src/alt_clock_manager.o hwlibs/src/alt_globaltmr.o hwlibs/src/alt_interrupt.o div64.o
 
#  Implicit rule search has not been done.
#  Modification time never checked.
#  File has not been updated.
#  recipe to execute (from 'makefile', line 84):
				$(LD) -T myBoot.lds --gc-sections -Bstatic --gc-sections -Ttext 0xFFFF0000 start.o --start-group \
				spl.o \
				ClockManager.o \
				FpgaManager.o \
				FreezeManager.o \
				ScanManager.o \
				sdram.o \
				sequencer.o \
				hwlibs/src/alt_sdmmc.o \
				hwlibs/src/alt_clock_manager.o \
				lib.a \
				memset.o \
				div64.o \
				--end-group -o myBoot.o
				$(CP) -O binary myBoot.o myBoot.bin
				$(OD) -d myBoot.o >myBoot.lst
				./mkimage -d myBoot.bin -T socfpgaimage outputSpl.bin
				cat outputSpl.bin outputSpl.bin outputSpl.bin outputSpl.bin > QuadSpl.bin

# Not a target:
hwlibs/src/alt_globaltmr.c:
#  Implicit rule search has not been done.
#  Modification time never checked.
#  File has not been updated.

# Not a target:
hwlibs/src/alt_sdmmc.c:
#  Implicit rule search has not been done.
#  Modification time never checked.
#  File has not been updated.

# Not a target:
FpgaManager.c:
#  Implicit rule search has not been done.
#  Modification time never checked.
#  File has not been updated.

hwlibs/src/alt_globaltmr.o: hwlibs/src/alt_globaltmr.c
#  Implicit rule search has not been done.
#  Modification time never checked.
#  File has not been updated.
#  recipe to execute (from 'makefile', line 55):
							$(CC) $(OPTIONS) $^ -o $@
							$(OD) -d $@ >$@.lst

ClockManager.o: ClockManager.c
#  Implicit rule search has not been done.
#  Modification time never checked.
#  File has not been updated.
#  recipe to execute (from 'makefile', line 23):
							$(CC) $(OPTIONS) $^ -o $@
							$(OD) -d $@ >$@.lst
			

hwlibs/src/alt_interrupt.o: hwlibs/src/alt_interrupt.c
#  Implicit rule search has not been done.
#  Modification time never checked.
#  File has not been updated.
#  recipe to execute (from 'makefile', line 59):
							$(CC) $(OPTIONS) $^ -o $@
							$(OD) -d $@ >$@.lst

# Not a target:
spl.c:
#  Implicit rule search has not been done.
#  Modification time never checked.
#  File has not been updated.

div64.o: div64.c
#  Implicit rule search has not been done.
#  Modification time never checked.
#  File has not been updated.
#  recipe to execute (from 'makefile', line 63):
							$(CC) $(OPTIONS) $^ -o $@
							$(OD) -d $@ >$@.lst

ScanManager.o: ScanManager.c
#  Implicit rule search has not been done.
#  Modification time never checked.
#  File has not been updated.
#  recipe to execute (from 'makefile', line 31):
							$(CC) $(OPTIONS) $^ -o $@
							$(OD) -d $@ >$@.lst

# Not a target:
hwlibs/src/alt_clock_manager.c:
#  Implicit rule search has not been done.
#  Modification time never checked.
#  File has not been updated.

# Not a target:
hwlibs/src/alt_interrupt.c:
#  Implicit rule search has not been done.
#  Modification time never checked.
#  File has not been updated.

sequencer.o: sequencer.c
#  Implicit rule search has not been done.
#  Modification time never checked.
#  File has not been updated.
#  recipe to execute (from 'makefile', line 43):
							$(CC) $(OPTIONS) $^ -o $@
							$(OD) -d $@ >$@.lst

# Not a target:
sequencer.c:
#  Implicit rule search has not been done.
#  Modification time never checked.
#  File has not been updated.

# Not a target:
.DEFAULT:
#  Implicit rule search has not been done.
#  Modification time never checked.
#  File has not been updated.

# Not a target:
all:
#  Command line target.
#  Implicit rule search has been done.
#  File does not exist.
#  File has not been updated.

start.o: start.S
#  Implicit rule search has not been done.
#  Modification time never checked.
#  File has not been updated.
#  recipe to execute (from 'makefile', line 19):
						$(CC) -x assembler-with-cpp start.S -o start.o -c
						$(OD) -d start.o >start.lst
				

hwlibs/src/alt_clock_manager.o: hwlibs/src/alt_clock_manager.c
#  Implicit rule search has not been done.
#  Modification time never checked.
#  File has not been updated.
#  recipe to execute (from 'makefile', line 51):
							$(CC) $(OPTIONS) $^ -o $@
							$(OD) -d $@ >$@.lst

# Not a target:
ScanManager.c:
#  Implicit rule search has not been done.
#  Modification time never checked.
#  File has not been updated.

# Not a target:
div64.c:
#  Implicit rule search has not been done.
#  Modification time never checked.
#  File has not been updated.

sdram.o: sdram.c
#  Implicit rule search has not been done.
#  Modification time never checked.
#  File has not been updated.
#  recipe to execute (from 'makefile', line 39):
							$(CC) $(OPTIONS) $^ -o $@
							$(OD) -d $@ >$@.lst

# Not a target:
ClockManager.c:
#  Implicit rule search has not been done.
#  Modification time never checked.
#  File has not been updated.

# Not a target:
sdram.c:
#  Implicit rule search has not been done.
#  Modification time never checked.
#  File has not been updated.

# Not a target:
makefile:
#  Implicit rule search has been done.
#  Last modified 2022-07-09 12:51:55.716215097
#  File has been updated.
#  Successfully updated.

# Not a target:
start.S:
#  Implicit rule search has not been done.
#  Modification time never checked.
#  File has not been updated.

FreezeManager.o: FreezeManager.c
#  Implicit rule search has not been done.
#  Modification time never checked.
#  File has not been updated.
#  recipe to execute (from 'makefile', line 27):
							$(CC) $(OPTIONS) $^ -o $@
							$(OD) -d $@ >$@.lst
			

hwlibs/src/alt_sdmmc.o: hwlibs/src/alt_sdmmc.c
#  Implicit rule search has not been done.
#  Modification time never checked.
#  File has not been updated.
#  recipe to execute (from 'makefile', line 47):
							$(CC) $(OPTIONS) $^ -o $@
							$(OD) -d $@ >$@.lst

# files hash-table stats:
# Load=31/1024=3%, Rehash=0, Collisions=0/67=0%
# VPATH Search Paths

# No 'vpath' search paths.

# No general ('VPATH' variable) search path.

# strcache buffers: 1 (0) / strings = 58 / storage = 758 B / avg = 13 B
# current buf: size = 8162 B / used = 758 B / count = 58 / avg = 13 B

# strcache performance: lookups = 107 / hit rate = 45%
# hash-table stats:
# Load=58/8192=1%, Rehash=0, Collisions=0/107=0%
# Finished Make data base on Sat Jul  9 12:56:17 2022

 
